<?xml version="1.0" encoding="UTF-8"?>
<coverage generated="1788840540367" clover="3.2.0">
  <project timestamp="1788840540368" name="All files">
    <metrics statements="154" coveredstatements="118" conditionals="43" coveredconditionals="34" methods="44" coveredmethods="33" elements="241" coveredelements="185" complexity="0" loc="154" ncloc="154" packages="2" files="5" classes="5"/>
    <package name="features">
      <metrics statements="24" coveredstatements="23" conditionals="6" coveredconditionals="5" methods="5" coveredmethods="5"/>
      <file name="AfterMidnight.ts" path="C:\Users\sub.zero\Desktop\graveyard-shift\src\features\AfterMidnight.ts">
        <metrics statements="24" coveredstatements="23" conditionals="6" coveredconditionals="5" methods="5" coveredmethods="5"/>
        <line num="5" count="1" type="stmt"/>
        <line num="6" count="1" type="stmt"/>
        <line num="9" count="7" type="stmt"/>
        <line num="10" count="7" type="stmt"/>
        <line num="12" count="7" type="stmt"/>
        <line num="13" count="14" type="stmt"/>
        <line num="14" count="14" type="cond" truecount="2" falsecount="0"/>
        <line num="15" count="7" type="stmt"/>
        <line num="19" count="0" type="stmt"/>
        <line num="23" count="7" type="stmt"/>
        <line num="26" count="8" type="stmt"/>
        <line num="27" count="8" type="cond" truecount="2" falsecount="0"/>
        <line num="28" count="1" type="stmt"/>
        <line num="34" count="7" type="stmt"/>
        <line num="35" count="7" type="stmt"/>
        <line num="38" count="7" type="stmt"/>
        <line num="39" count="21" type="stmt"/>
        <line num="40" count="7" type="stmt"/>
        <line num="41" count="21" type="stmt"/>
        <line num="44" count="7" type="cond" truecount="1" falsecount="1"/>
        <line num="45" count="7" type="stmt"/>
        <line num="48" count="7" type="stmt"/>
        <line num="49" count="14" type="stmt"/>
        <line num="52" count="7" type="stmt"/>
      </file>
    </package>
    <package name="math">
      <metrics statements="130" coveredstatements="95" conditionals="37" coveredconditionals="29" methods="39" coveredmethods="28"/>
      <file name="GameMath.ts" path="C:\Users\sub.zero\Desktop\graveyard-shift\src\math\GameMath.ts">
        <metrics statements="126" coveredstatements="92" conditionals="37" coveredconditionals="29" methods="38" coveredmethods="28"/>
        <line num="13" count="1" type="stmt"/>
        <line num="30" count="5" type="stmt"/>
        <line num="31" count="5" type="stmt"/>
        <line num="35" count="55" type="stmt"/>
        <line num="36" count="55" type="stmt"/>
        <line num="37" count="320" type="stmt"/>
        <line num="40" count="5" type="stmt"/>
        <line num="42" count="1" type="stmt"/>
        <line num="89" count="5" type="stmt"/>
        <line num="99" count="5" type="stmt"/>
        <line num="100" count="5" type="stmt"/>
        <line num="101" count="5" type="stmt"/>
        <line num="104" count="5" type="stmt"/>
        <line num="105" count="5" type="stmt"/>
        <line num="113" count="5" type="stmt"/>
        <line num="116" count="0" type="stmt"/>
        <line num="117" count="0" type="stmt"/>
        <line num="118" count="0" type="stmt"/>
        <line num="119" count="0" type="stmt"/>
        <line num="120" count="0" type="stmt"/>
        <line num="121" count="0" type="stmt"/>
        <line num="129" count="0" type="stmt"/>
        <line num="131" count="0" type="stmt"/>
        <line num="140" count="78" type="stmt"/>
        <line num="142" count="365" type="stmt"/>
        <line num="161" count="60" type="stmt"/>
        <line num="162" count="60" type="stmt"/>
        <line num="163" count="300" type="stmt"/>
        <line num="165" count="60" type="stmt"/>
        <line num="167" count="60" type="stmt"/>
        <line num="168" count="95" type="stmt"/>
        <line num="171" count="60" type="cond" truecount="2" falsecount="0"/>
        <line num="175" count="55" type="stmt"/>
        <line num="178" count="60" type="stmt"/>
        <line num="180" count="60" type="stmt"/>
        <line num="181" count="115" type="stmt"/>
        <line num="182" count="115" type="stmt"/>
        <line num="183" count="252" type="stmt"/>
        <line num="185" count="252" type="cond" truecount="2" falsecount="0"/>
        <line num="188" count="252" type="cond" truecount="2" falsecount="0"/>
        <line num="189" count="112" type="stmt"/>
        <line num="191" count="140" type="stmt"/>
        <line num="194" count="115" type="cond" truecount="2" falsecount="0"/>
        <line num="195" count="97" type="stmt"/>
        <line num="198" count="18" type="stmt"/>
        <line num="200" count="18" type="stmt"/>
        <line num="201" count="18" type="stmt"/>
        <line num="209" count="18" type="cond" truecount="2" falsecount="0"/>
        <line num="215" count="17" type="stmt"/>
        <line num="219" count="60" type="cond" truecount="2" falsecount="0"/>
        <line num="220" count="44" type="stmt"/>
        <line num="222" count="44" type="cond" truecount="1" falsecount="2"/>
        <line num="225" count="44" type="cond" truecount="2" falsecount="0"/>
        <line num="226" count="207" type="stmt"/>
        <line num="228" count="44" type="stmt"/>
        <line num="244" count="16" type="stmt"/>
        <line num="269" count="6" type="stmt"/>
        <line num="270" count="6" type="stmt"/>
        <line num="271" count="6" type="stmt"/>
        <line num="274" count="60" type="stmt"/>
        <line num="279" count="60" type="stmt"/>
        <line num="282" count="60" type="cond" truecount="2" falsecount="0"/>
        <line num="283" count="16" type="stmt"/>
        <line num="289" count="6" type="stmt"/>
        <line num="308" count="1" type="stmt"/>
        <line num="310" count="1" type="stmt"/>
        <line num="312" count="1" type="stmt"/>
        <line num="314" count="5" type="stmt"/>
        <line num="318" count="1" type="stmt"/>
        <line num="319" count="1" type="stmt"/>
        <line num="323" count="5" type="stmt"/>
        <line num="326" count="5" type="stmt"/>
        <line num="327" count="5" type="stmt"/>
        <line num="332" count="1" type="stmt"/>
        <line num="346" count="1" type="stmt"/>
        <line num="348" count="5" type="stmt"/>
        <line num="352" count="15" type="stmt"/>
        <line num="354" count="5" type="stmt"/>
        <line num="360" count="5" type="stmt"/>
        <line num="384" count="1" type="stmt"/>
        <line num="385" count="1" type="stmt"/>
        <line num="386" count="1" type="stmt"/>
        <line num="388" count="5" type="stmt"/>
        <line num="390" count="25" type="stmt"/>
        <line num="392" count="5" type="stmt"/>
        <line num="393" count="5" type="stmt"/>
        <line num="394" count="5" type="stmt"/>
        <line num="398" count="5" type="stmt"/>
        <line num="407" count="5" type="stmt"/>
        <line num="411" count="15" type="stmt"/>
        <line num="413" count="5" type="stmt"/>
        <line num="418" count="5" type="stmt"/>
        <line num="426" count="0" type="stmt"/>
        <line num="428" count="0" type="stmt"/>
        <line num="443" count="0" type="stmt"/>
        <line num="444" count="0" type="stmt"/>
        <line num="484" count="1" type="stmt"/>
        <line num="486" count="5" type="stmt"/>
        <line num="493" count="5" type="stmt"/>
        <line num="495" count="15" type="cond" truecount="2" falsecount="0"/>
        <line num="499" count="1" type="stmt"/>
        <line num="500" count="1" type="stmt"/>
        <line num="501" count="1" type="stmt"/>
        <line num="502" count="1" type="stmt"/>
        <line num="517" count="0" type="stmt"/>
        <line num="518" count="0" type="stmt"/>
        <line num="519" count="0" type="stmt"/>
        <line num="520" count="0" type="stmt"/>
        <line num="522" count="0" type="stmt"/>
        <line num="523" count="0" type="cond" truecount="0" falsecount="2"/>
        <line num="526" count="0" type="stmt"/>
        <line num="529" count="0" type="stmt"/>
        <line num="532" count="0" type="stmt"/>
        <line num="538" count="0" type="stmt"/>
        <line num="540" count="0" type="stmt"/>
        <line num="541" count="0" type="stmt"/>
        <line num="552" count="0" type="stmt"/>
        <line num="554" count="0" type="cond" truecount="0" falsecount="2"/>
        <line num="561" count="0" type="stmt"/>
        <line num="566" count="0" type="stmt"/>
        <line num="570" count="0" type="stmt"/>
        <line num="574" count="0" type="stmt"/>
        <line num="576" count="0" type="stmt"/>
        <line num="577" count="0" type="stmt"/>
        <line num="593" count="0" type="stmt"/>
        <line num="599" count="0" type="stmt"/>
      </file>
      <file name="Paylines.ts" path="C:\Users\sub.zero\Desktop\graveyard-shift\src\math\Paylines.ts">
        <metrics statements="1" coveredstatements="1" conditionals="0" coveredconditionals="0" methods="0" coveredmethods="0"/>
        <line num="1" count="1" type="stmt"/>
      </file>
      <file name="Paytable.ts" path="C:\Users\sub.zero\Desktop\graveyard-shift\src\math\Paytable.ts">
        <metrics statements="1" coveredstatements="1" conditionals="0" coveredconditionals="0" methods="0" coveredmethods="0"/>
        <line num="10" count="1" type="stmt"/>
      </file>
      <file name="RNG.ts" path="C:\Users\sub.zero\Desktop\graveyard-shift\src\math\RNG.ts">
        <metrics statements="2" coveredstatements="1" conditionals="0" coveredconditionals="0" methods="1" coveredmethods="0"/>
        <line num="6" count="0" type="stmt"/>
        <line num="9" count="2" type="stmt"/>
      </file>
    </package>
  </project>
</coverage>
