<?xml version="1.0" encoding="UTF-8"?>
<coverage generated="1788858454522" clover="3.2.0">
  <project timestamp="1788858454522" name="All files">
    <metrics statements="520" coveredstatements="381" conditionals="137" coveredconditionals="78" methods="119" coveredmethods="79" elements="776" coveredelements="538" complexity="0" loc="520" ncloc="520" packages="4" files="8" classes="8"/>
    <package name="features">
      <metrics statements="24" coveredstatements="23" conditionals="6" coveredconditionals="6" methods="5" coveredmethods="5"/>
      <file name="AfterMidnight.ts" path="C:\Users\sub.zero\Desktop\graveyard-shift\src\features\AfterMidnight.ts">
        <metrics statements="24" coveredstatements="23" conditionals="6" coveredconditionals="6" methods="5" coveredmethods="5"/>
        <line num="3" count="2" type="stmt"/>
        <line num="4" count="2" type="stmt"/>
        <line num="6" count="9" type="stmt"/>
        <line num="7" count="9" type="stmt"/>
        <line num="8" count="9" type="stmt"/>
        <line num="9" count="18" type="stmt"/>
        <line num="10" count="18" type="cond" truecount="2" falsecount="0"/>
        <line num="11" count="9" type="stmt"/>
        <line num="14" count="0" type="stmt"/>
        <line num="17" count="25" type="stmt"/>
        <line num="19" count="14" type="stmt"/>
        <line num="20" count="14" type="cond" truecount="2" falsecount="0"/>
        <line num="21" count="5" type="stmt"/>
        <line num="26" count="9" type="stmt"/>
        <line num="27" count="9" type="stmt"/>
        <line num="29" count="9" type="stmt"/>
        <line num="30" count="27" type="stmt"/>
        <line num="31" count="9" type="stmt"/>
        <line num="32" count="27" type="stmt"/>
        <line num="34" count="9" type="cond" truecount="2" falsecount="0"/>
        <line num="35" count="1" type="stmt"/>
        <line num="37" count="9" type="stmt"/>
        <line num="38" count="18" type="stmt"/>
        <line num="40" count="9" type="stmt"/>
      </file>
    </package>
    <package name="game">
      <metrics statements="289" coveredstatements="186" conditionals="70" coveredconditionals="27" methods="44" coveredmethods="23"/>
      <file name="Game.ts" path="C:\Users\sub.zero\Desktop\graveyard-shift\src\game\Game.ts">
        <metrics statements="283" coveredstatements="180" conditionals="68" coveredconditionals="25" methods="42" coveredmethods="21"/>
        <line num="17" count="1" type="stmt"/>
        <line num="18" count="1" type="stmt"/>
        <line num="38" count="48" type="stmt"/>
        <line num="40" count="111" type="stmt"/>
        <line num="43" count="1" type="stmt"/>
        <line num="53" count="640" type="stmt"/>
        <line num="58" count="12" type="stmt"/>
        <line num="59" count="12" type="stmt"/>
        <line num="64" count="12" type="stmt"/>
        <line num="65" count="12" type="stmt"/>
        <line num="66" count="12" type="stmt"/>
        <line num="67" count="12" type="stmt"/>
        <line num="68" count="12" type="stmt"/>
        <line num="70" count="12" type="stmt"/>
        <line num="74" count="12" type="stmt"/>
        <line num="76" count="12" type="stmt"/>
        <line num="78" count="12" type="stmt"/>
        <line num="79" count="12" type="stmt"/>
        <line num="80" count="12" type="stmt"/>
        <line num="81" count="12" type="stmt"/>
        <line num="82" count="12" type="stmt"/>
        <line num="83" count="12" type="stmt"/>
        <line num="84" count="12" type="stmt"/>
        <line num="89" count="12" type="stmt"/>
        <line num="90" count="12" type="stmt"/>
        <line num="91" count="12" type="stmt"/>
        <line num="92" count="12" type="stmt"/>
        <line num="95" count="0" type="stmt"/>
        <line num="96" count="0" type="stmt"/>
        <line num="99" count="12" type="stmt"/>
        <line num="102" count="0" type="stmt"/>
        <line num="105" count="12" type="stmt"/>
        <line num="108" count="0" type="stmt"/>
        <line num="111" count="12" type="stmt"/>
        <line num="114" count="0" type="stmt"/>
        <line num="117" count="12" type="stmt"/>
        <line num="120" count="0" type="stmt"/>
        <line num="123" count="12" type="stmt"/>
        <line num="126" count="0" type="stmt"/>
        <line num="129" count="12" type="stmt"/>
        <line num="132" count="0" type="stmt"/>
        <line num="135" count="12" type="stmt"/>
        <line num="138" count="0" type="stmt"/>
        <line num="141" count="12" type="stmt"/>
        <line num="144" count="0" type="cond" truecount="0" falsecount="2"/>
        <line num="145" count="0" type="stmt"/>
        <line num="147" count="0" type="stmt"/>
        <line num="148" count="0" type="stmt"/>
        <line num="151" count="12" type="stmt"/>
        <line num="154" count="2" type="cond" truecount="3" falsecount="1"/>
        <line num="155" count="0" type="stmt"/>
        <line num="157" count="2" type="cond" truecount="1" falsecount="1"/>
        <line num="158" count="0" type="stmt"/>
        <line num="160" count="2" type="stmt"/>
        <line num="161" count="2" type="stmt"/>
        <line num="162" count="2" type="stmt"/>
        <line num="165" count="0" type="cond" truecount="0" falsecount="4"/>
        <line num="166" count="0" type="stmt"/>
        <line num="168" count="0" type="stmt"/>
        <line num="172" count="0" type="stmt"/>
        <line num="173" count="0" type="stmt"/>
        <line num="176" count="0" type="cond" truecount="0" falsecount="4"/>
        <line num="177" count="0" type="stmt"/>
        <line num="179" count="0" type="stmt"/>
        <line num="183" count="0" type="stmt"/>
        <line num="187" count="0" type="cond" truecount="0" falsecount="2"/>
        <line num="188" count="0" type="stmt"/>
        <line num="190" count="0" type="stmt"/>
        <line num="191" count="0" type="stmt"/>
        <line num="192" count="0" type="stmt"/>
        <line num="197" count="0" type="cond" truecount="0" falsecount="4"/>
        <line num="198" count="0" type="stmt"/>
        <line num="200" count="0" type="stmt"/>
        <line num="201" count="0" type="stmt"/>
        <line num="205" count="0" type="stmt"/>
        <line num="209" count="0" type="stmt"/>
        <line num="210" count="0" type="stmt"/>
        <line num="213" count="0" type="cond" truecount="0" falsecount="4"/>
        <line num="214" count="0" type="stmt"/>
        <line num="216" count="0" type="stmt"/>
        <line num="220" count="0" type="stmt"/>
        <line num="221" count="0" type="stmt"/>
        <line num="224" count="0" type="stmt"/>
        <line num="225" count="0" type="stmt"/>
        <line num="228" count="0" type="cond" truecount="0" falsecount="5"/>
        <line num="229" count="0" type="stmt"/>
        <line num="231" count="0" type="stmt"/>
        <line num="232" count="0" type="stmt"/>
        <line num="235" count="0" type="stmt"/>
        <line num="238" count="0" type="stmt"/>
        <line num="239" count="0" type="stmt"/>
        <line num="242" count="0" type="cond" truecount="0" falsecount="5"/>
        <line num="243" count="0" type="stmt"/>
        <line num="245" count="0" type="stmt"/>
        <line num="246" count="0" type="stmt"/>
        <line num="251" count="0" type="stmt"/>
        <line num="252" count="0" type="stmt"/>
        <line num="253" count="0" type="stmt"/>
        <line num="254" count="0" type="stmt"/>
        <line num="257" count="0" type="stmt"/>
        <line num="259" count="0" type="stmt"/>
        <line num="260" count="0" type="stmt"/>
        <line num="261" count="0" type="stmt"/>
        <line num="262" count="0" type="stmt"/>
        <line num="263" count="0" type="stmt"/>
        <line num="264" count="0" type="stmt"/>
        <line num="265" count="0" type="stmt"/>
        <line num="266" count="0" type="stmt"/>
        <line num="267" count="0" type="stmt"/>
        <line num="268" count="0" type="stmt"/>
        <line num="269" count="0" type="cond" truecount="0" falsecount="2"/>
        <line num="270" count="0" type="stmt"/>
        <line num="271" count="0" type="stmt"/>
        <line num="272" count="0" type="stmt"/>
        <line num="273" count="0" type="stmt"/>
        <line num="275" count="0" type="stmt"/>
        <line num="276" count="0" type="stmt"/>
        <line num="277" count="0" type="stmt"/>
        <line num="278" count="0" type="stmt"/>
        <line num="279" count="0" type="cond" truecount="0" falsecount="2"/>
        <line num="280" count="0" type="stmt"/>
        <line num="281" count="0" type="stmt"/>
        <line num="282" count="0" type="stmt"/>
        <line num="283" count="0" type="stmt"/>
        <line num="284" count="0" type="stmt"/>
        <line num="287" count="0" type="stmt"/>
        <line num="288" count="0" type="stmt"/>
        <line num="289" count="0" type="stmt"/>
        <line num="290" count="0" type="cond" truecount="0" falsecount="2"/>
        <line num="291" count="0" type="stmt"/>
        <line num="293" count="0" type="stmt"/>
        <line num="294" count="0" type="stmt"/>
        <line num="296" count="0" type="stmt"/>
        <line num="297" count="0" type="stmt"/>
        <line num="298" count="0" type="stmt"/>
        <line num="302" count="13" type="cond" truecount="1" falsecount="1"/>
        <line num="306" count="0" type="stmt"/>
        <line num="308" count="13" type="cond" truecount="2" falsecount="0"/>
        <line num="309" count="1" type="stmt"/>
        <line num="311" count="12" type="cond" truecount="1" falsecount="1"/>
        <line num="312" count="0" type="stmt"/>
        <line num="314" count="12" type="stmt"/>
        <line num="315" count="13" type="stmt"/>
        <line num="316" count="13" type="stmt"/>
        <line num="320" count="13" type="stmt"/>
        <line num="321" count="13" type="stmt"/>
        <line num="328" count="13" type="stmt"/>
        <line num="329" count="13" type="stmt"/>
        <line num="332" count="13" type="stmt"/>
        <line num="333" count="13" type="stmt"/>
        <line num="334" count="13" type="stmt"/>
        <line num="335" count="13" type="stmt"/>
        <line num="341" count="13" type="stmt"/>
        <line num="342" count="12" type="stmt"/>
        <line num="349" count="12" type="stmt"/>
        <line num="350" count="12" type="stmt"/>
        <line num="351" count="12" type="stmt"/>
        <line num="364" count="12" type="stmt"/>
        <line num="365" count="12" type="stmt"/>
        <line num="366" count="12" type="stmt"/>
        <line num="372" count="12" type="stmt"/>
        <line num="374" count="12" type="stmt"/>
        <line num="375" count="12" type="stmt"/>
        <line num="376" count="12" type="stmt"/>
        <line num="377" count="12" type="stmt"/>
        <line num="383" count="12" type="stmt"/>
        <line num="390" count="12" type="stmt"/>
        <line num="396" count="12" type="stmt"/>
        <line num="397" count="12" type="stmt"/>
        <line num="400" count="12" type="stmt"/>
        <line num="403" count="12" type="stmt"/>
        <line num="410" count="12" type="stmt"/>
        <line num="413" count="12" type="stmt"/>
        <line num="425" count="12" type="stmt"/>
        <line num="428" count="12" type="stmt"/>
        <line num="432" count="12" type="stmt"/>
        <line num="436" count="12" type="stmt"/>
        <line num="442" count="12" type="cond" truecount="2" falsecount="0"/>
        <line num="443" count="2" type="stmt"/>
        <line num="449" count="2" type="stmt"/>
        <line num="452" count="2" type="stmt"/>
        <line num="453" count="2" type="stmt"/>
        <line num="454" count="2" type="stmt"/>
        <line num="462" count="2" type="stmt"/>
        <line num="463" count="2" type="stmt"/>
        <line num="469" count="2" type="stmt"/>
        <line num="472" count="2" type="cond" truecount="1" falsecount="1"/>
        <line num="476" count="0" type="stmt"/>
        <line num="480" count="2" type="stmt"/>
        <line num="481" count="2" type="stmt"/>
        <line num="483" count="10" type="stmt"/>
        <line num="486" count="10" type="stmt"/>
        <line num="492" count="10" type="stmt"/>
        <line num="495" count="10" type="stmt"/>
        <line num="498" count="10" type="stmt"/>
        <line num="499" count="10" type="stmt"/>
        <line num="505" count="10" type="stmt"/>
        <line num="508" count="10" type="stmt"/>
        <line num="514" count="10" type="stmt"/>
        <line num="515" count="10" type="stmt"/>
        <line num="516" count="10" type="stmt"/>
        <line num="517" count="10" type="stmt"/>
        <line num="518" count="10" type="stmt"/>
        <line num="519" count="12" type="stmt"/>
        <line num="520" count="12" type="stmt"/>
        <line num="521" count="12" type="stmt"/>
        <line num="522" count="12" type="stmt"/>
        <line num="523" count="12" type="stmt"/>
        <line num="524" count="12" type="stmt"/>
        <line num="525" count="12" type="stmt"/>
        <line num="526" count="12" type="stmt"/>
        <line num="530" count="12" type="stmt"/>
        <line num="531" count="12" type="stmt"/>
        <line num="532" count="12" type="stmt"/>
        <line num="533" count="12" type="stmt"/>
        <line num="534" count="12" type="stmt"/>
        <line num="535" count="12" type="stmt"/>
        <line num="538" count="12" type="stmt"/>
        <line num="539" count="12" type="stmt"/>
        <line num="540" count="12" type="stmt"/>
        <line num="541" count="12" type="stmt"/>
        <line num="542" count="12" type="stmt"/>
        <line num="543" count="36" type="stmt"/>
        <line num="547" count="12" type="cond" truecount="2" falsecount="0"/>
        <line num="548" count="2" type="stmt"/>
        <line num="549" count="2" type="stmt"/>
        <line num="550" count="2" type="stmt"/>
        <line num="551" count="2" type="stmt"/>
        <line num="552" count="2" type="stmt"/>
        <line num="557" count="10" type="stmt"/>
        <line num="558" count="13" type="stmt"/>
        <line num="562" count="10" type="stmt"/>
        <line num="563" count="10" type="stmt"/>
        <line num="568" count="10" type="stmt"/>
        <line num="572" count="10" type="stmt"/>
        <line num="575" count="10" type="stmt"/>
        <line num="583" count="10" type="stmt"/>
        <line num="584" count="10" type="stmt"/>
        <line num="592" count="10" type="stmt"/>
        <line num="595" count="10" type="cond" truecount="2" falsecount="0"/>
        <line num="599" count="4" type="stmt"/>
        <line num="603" count="10" type="stmt"/>
        <line num="610" count="12" type="cond" truecount="1" falsecount="1"/>
        <line num="611" count="0" type="stmt"/>
        <line num="613" count="12" type="stmt"/>
        <line num="620" count="12" type="stmt"/>
        <line num="623" count="12" type="cond" truecount="1" falsecount="1"/>
        <line num="624" count="12" type="stmt"/>
        <line num="626" count="0" type="stmt"/>
        <line num="627" count="0" type="stmt"/>
        <line num="628" count="12" type="stmt"/>
        <line num="633" count="4" type="stmt"/>
        <line num="636" count="4" type="stmt"/>
        <line num="639" count="4" type="stmt"/>
        <line num="642" count="0" type="stmt"/>
        <line num="645" count="0" type="stmt"/>
        <line num="649" count="0" type="stmt"/>
        <line num="652" count="4" type="stmt"/>
        <line num="654" count="4" type="stmt"/>
        <line num="655" count="4" type="stmt"/>
        <line num="662" count="12" type="stmt"/>
        <line num="666" count="180" type="stmt"/>
        <line num="674" count="12" type="stmt"/>
        <line num="675" count="12" type="stmt"/>
        <line num="677" count="12" type="stmt"/>
        <line num="678" count="12" type="stmt"/>
        <line num="683" count="12" type="stmt"/>
        <line num="691" count="12" type="stmt"/>
        <line num="694" count="12" type="stmt"/>
        <line num="697" count="12" type="stmt"/>
        <line num="703" count="12" type="cond" truecount="2" falsecount="0"/>
        <line num="704" count="10" type="stmt"/>
        <line num="706" count="12" type="stmt"/>
        <line num="709" count="12" type="stmt"/>
        <line num="717" count="14" type="stmt"/>
        <line num="718" count="14" type="stmt"/>
        <line num="728" count="12" type="stmt"/>
        <line num="729" count="12" type="stmt"/>
        <line num="730" count="36" type="stmt"/>
        <line num="731" count="36" type="stmt"/>
        <line num="732" count="180" type="stmt"/>
        <line num="738" count="36" type="stmt"/>
        <line num="742" count="12" type="stmt"/>
      </file>
      <file name="GameStateMachine.ts" path="C:\Users\sub.zero\Desktop\graveyard-shift\src\game\GameStateMachine.ts">
        <metrics statements="6" coveredstatements="6" conditionals="2" coveredconditionals="2" methods="2" coveredmethods="2"/>
        <line num="2" count="2" type="stmt"/>
        <line num="10" count="16" type="stmt"/>
        <line num="12" count="33" type="stmt"/>
        <line num="15" count="82" type="cond" truecount="2" falsecount="0"/>
        <line num="16" count="1" type="stmt"/>
        <line num="20" count="81" type="stmt"/>
      </file>
    </package>
    <package name="math">
      <metrics statements="133" coveredstatements="132" conditionals="34" coveredconditionals="32" methods="37" coveredmethods="36"/>
      <file name="GameMath.ts" path="C:\Users\sub.zero\Desktop\graveyard-shift\src\math\GameMath.ts">
        <metrics statements="129" coveredstatements="129" conditionals="34" coveredconditionals="32" methods="36" coveredmethods="36"/>
        <line num="13" count="1" type="stmt"/>
        <line num="30" count="5" type="stmt"/>
        <line num="31" count="5" type="stmt"/>
        <line num="35" count="55" type="stmt"/>
        <line num="36" count="55" type="stmt"/>
        <line num="37" count="320" type="stmt"/>
        <line num="40" count="5" type="stmt"/>
        <line num="42" count="1" type="stmt"/>
        <line num="89" count="40" type="stmt"/>
        <line num="99" count="33" type="stmt"/>
        <line num="100" count="33" type="stmt"/>
        <line num="101" count="33" type="stmt"/>
        <line num="104" count="33" type="stmt"/>
        <line num="105" count="33" type="stmt"/>
        <line num="113" count="33" type="stmt"/>
        <line num="116" count="1" type="stmt"/>
        <line num="117" count="1" type="stmt"/>
        <line num="118" count="1" type="stmt"/>
        <line num="119" count="5" type="stmt"/>
        <line num="120" count="5" type="stmt"/>
        <line num="121" count="15" type="stmt"/>
        <line num="129" count="5" type="stmt"/>
        <line num="131" count="1" type="stmt"/>
        <line num="140" count="249" type="stmt"/>
        <line num="142" count="1231" type="stmt"/>
        <line num="161" count="230" type="stmt"/>
        <line num="162" count="230" type="stmt"/>
        <line num="163" count="1150" type="stmt"/>
        <line num="165" count="230" type="stmt"/>
        <line num="166" count="230" type="stmt"/>
        <line num="167" count="280" type="stmt"/>
        <line num="169" count="230" type="cond" truecount="2" falsecount="0"/>
        <line num="173" count="61" type="stmt"/>
        <line num="175" count="230" type="stmt"/>
        <line num="176" count="230" type="stmt"/>
        <line num="177" count="230" type="stmt"/>
        <line num="178" count="230" type="stmt"/>
        <line num="179" count="291" type="stmt"/>
        <line num="180" count="291" type="stmt"/>
        <line num="181" count="457" type="stmt"/>
        <line num="183" count="457" type="cond" truecount="2" falsecount="0"/>
        <line num="186" count="457" type="cond" truecount="2" falsecount="0"/>
        <line num="187" count="281" type="stmt"/>
        <line num="189" count="176" type="stmt"/>
        <line num="191" count="291" type="cond" truecount="2" falsecount="0"/>
        <line num="192" count="272" type="cond" truecount="1" falsecount="1"/>
        <line num="193" count="272" type="stmt"/>
        <line num="194" count="272" type="stmt"/>
        <line num="196" count="272" type="stmt"/>
        <line num="198" count="19" type="stmt"/>
        <line num="200" count="19" type="stmt"/>
        <line num="201" count="19" type="stmt"/>
        <line num="208" count="19" type="cond" truecount="2" falsecount="0"/>
        <line num="214" count="18" type="stmt"/>
        <line num="217" count="230" type="cond" truecount="2" falsecount="0"/>
        <line num="218" count="214" type="stmt"/>
        <line num="220" count="214" type="cond" truecount="1" falsecount="1"/>
        <line num="223" count="214" type="stmt"/>
        <line num="238" count="16" type="stmt"/>
        <line num="263" count="23" type="stmt"/>
        <line num="264" count="23" type="stmt"/>
        <line num="265" count="23" type="stmt"/>
        <line num="268" count="230" type="stmt"/>
        <line num="273" count="230" type="stmt"/>
        <line num="276" count="230" type="cond" truecount="2" falsecount="0"/>
        <line num="277" count="16" type="stmt"/>
        <line num="283" count="23" type="stmt"/>
        <line num="302" count="4" type="stmt"/>
        <line num="304" count="4" type="stmt"/>
        <line num="306" count="5" type="stmt"/>
        <line num="308" count="21" type="stmt"/>
        <line num="312" count="4" type="stmt"/>
        <line num="313" count="4" type="stmt"/>
        <line num="317" count="18" type="stmt"/>
        <line num="320" count="18" type="stmt"/>
        <line num="321" count="18" type="stmt"/>
        <line num="326" count="4" type="stmt"/>
        <line num="340" count="4" type="stmt"/>
        <line num="342" count="20" type="stmt"/>
        <line num="346" count="60" type="stmt"/>
        <line num="348" count="20" type="stmt"/>
        <line num="354" count="18" type="stmt"/>
        <line num="378" count="4" type="stmt"/>
        <line num="379" count="4" type="stmt"/>
        <line num="380" count="4" type="stmt"/>
        <line num="382" count="20" type="stmt"/>
        <line num="384" count="90" type="stmt"/>
        <line num="386" count="20" type="stmt"/>
        <line num="387" count="20" type="stmt"/>
        <line num="388" count="20" type="stmt"/>
        <line num="392" count="18" type="stmt"/>
        <line num="401" count="20" type="stmt"/>
        <line num="405" count="60" type="stmt"/>
        <line num="407" count="20" type="stmt"/>
        <line num="412" count="20" type="stmt"/>
        <line num="420" count="4" type="stmt"/>
        <line num="422" count="3" type="stmt"/>
        <line num="437" count="3" type="stmt"/>
        <line num="438" count="3" type="stmt"/>
        <line num="478" count="3" type="stmt"/>
        <line num="480" count="16" type="stmt"/>
        <line num="487" count="16" type="stmt"/>
        <line num="489" count="42" type="cond" truecount="2" falsecount="0"/>
        <line num="493" count="3" type="stmt"/>
        <line num="494" count="3" type="stmt"/>
        <line num="495" count="3" type="stmt"/>
        <line num="496" count="3" type="stmt"/>
        <line num="511" count="2" type="stmt"/>
        <line num="512" count="2" type="stmt"/>
        <line num="513" count="2" type="stmt"/>
        <line num="514" count="2" type="stmt"/>
        <line num="516" count="3" type="stmt"/>
        <line num="517" count="3" type="cond" truecount="2" falsecount="0"/>
        <line num="520" count="2" type="stmt"/>
        <line num="523" count="1" type="stmt"/>
        <line num="526" count="1" type="stmt"/>
        <line num="532" count="1" type="stmt"/>
        <line num="534" count="1" type="stmt"/>
        <line num="535" count="5" type="stmt"/>
        <line num="546" count="5" type="stmt"/>
        <line num="548" count="15" type="cond" truecount="2" falsecount="0"/>
        <line num="555" count="1" type="stmt"/>
        <line num="560" count="1" type="stmt"/>
        <line num="564" count="1" type="stmt"/>
        <line num="568" count="1" type="stmt"/>
        <line num="570" count="1" type="stmt"/>
        <line num="571" count="1" type="stmt"/>
        <line num="587" count="2" type="stmt"/>
        <line num="593" count="1" type="stmt"/>
      </file>
      <file name="Paylines.ts" path="C:\Users\sub.zero\Desktop\graveyard-shift\src\math\Paylines.ts">
        <metrics statements="1" coveredstatements="1" conditionals="0" coveredconditionals="0" methods="0" coveredmethods="0"/>
        <line num="1" count="1" type="stmt"/>
      </file>
      <file name="Paytable.ts" path="C:\Users\sub.zero\Desktop\graveyard-shift\src\math\Paytable.ts">
        <metrics statements="1" coveredstatements="1" conditionals="0" coveredconditionals="0" methods="0" coveredmethods="0"/>
        <line num="10" count="1" type="stmt"/>
      </file>
      <file name="RNG.ts" path="C:\Users\sub.zero\Desktop\graveyard-shift\src\math\RNG.ts">
        <metrics statements="2" coveredstatements="1" conditionals="0" coveredconditionals="0" methods="1" coveredmethods="0"/>
        <line num="6" count="0" type="stmt"/>
        <line num="9" count="3" type="stmt"/>
      </file>
    </package>
    <package name="presentation">
      <metrics statements="74" coveredstatements="40" conditionals="27" coveredconditionals="13" methods="33" coveredmethods="15"/>
      <file name="DevReceipt.ts" path="C:\Users\sub.zero\Desktop\graveyard-shift\src\presentation\DevReceipt.ts">
        <metrics statements="74" coveredstatements="40" conditionals="27" coveredconditionals="13" methods="33" coveredmethods="15"/>
        <line num="11" count="1" type="stmt"/>
        <line num="14" count="4" type="stmt"/>
        <line num="15" count="4" type="stmt"/>
        <line num="17" count="4" type="stmt"/>
        <line num="18" count="4" type="stmt"/>
        <line num="19" count="4" type="stmt"/>
        <line num="45" count="4" type="stmt"/>
        <line num="49" count="4" type="cond" truecount="2" falsecount="0"/>
        <line num="50" count="4" type="stmt"/>
        <line num="53" count="0" type="cond" truecount="0" falsecount="2"/>
        <line num="56" count="0" type="stmt"/>
        <line num="57" count="0" type="stmt"/>
        <line num="58" count="0" type="stmt"/>
        <line num="61" count="0" type="stmt"/>
        <line num="67" count="6" type="stmt"/>
        <line num="70" count="6" type="stmt"/>
        <line num="73" count="30" type="stmt"/>
        <line num="77" count="6" type="stmt"/>
        <line num="85" count="0" type="stmt"/>
        <line num="98" count="0" type="stmt"/>
        <line num="106" count="0" type="stmt"/>
        <line num="107" count="0" type="stmt"/>
        <line num="123" count="1" type="stmt"/>
        <line num="129" count="1" type="stmt"/>
        <line num="130" count="1" type="stmt"/>
        <line num="132" count="1" type="stmt"/>
        <line num="136" count="1" type="stmt"/>
        <line num="145" count="1" type="stmt"/>
        <line num="147" count="5" type="stmt"/>
        <line num="150" count="1" type="stmt"/>
        <line num="153" count="5" type="stmt"/>
        <line num="156" count="1" type="stmt"/>
        <line num="167" count="1" type="cond" truecount="1" falsecount="1"/>
        <line num="168" count="1" type="stmt"/>
        <line num="172" count="1" type="stmt"/>
        <line num="175" count="1" type="cond" truecount="1" falsecount="1"/>
        <line num="176" count="1" type="stmt"/>
        <line num="180" count="1" type="stmt"/>
        <line num="189" count="2" type="stmt"/>
        <line num="190" count="2" type="stmt"/>
        <line num="194" count="2" type="stmt"/>
        <line num="195" count="2" type="stmt"/>
        <line num="210" count="0" type="stmt"/>
        <line num="218" count="0" type="stmt"/>
        <line num="221" count="0" type="stmt"/>
        <line num="226" count="0" type="stmt"/>
        <line num="229" count="0" type="stmt"/>
        <line num="234" count="0" type="stmt"/>
        <line num="239" count="0" type="stmt"/>
        <line num="252" count="1" type="stmt"/>
        <line num="268" count="0" type="stmt"/>
        <line num="280" count="0" type="stmt"/>
        <line num="291" count="0" type="stmt"/>
        <line num="299" count="7" type="stmt"/>
        <line num="302" count="10" type="stmt"/>
        <line num="304" count="10" type="stmt"/>
        <line num="310" count="6" type="stmt"/>
        <line num="315" count="2" type="stmt"/>
        <line num="318" count="6" type="stmt"/>
        <line num="325" count="0" type="stmt"/>
        <line num="326" count="0" type="stmt"/>
        <line num="327" count="0" type="stmt"/>
        <line num="328" count="0" type="stmt"/>
        <line num="329" count="0" type="stmt"/>
        <line num="335" count="0" type="stmt"/>
        <line num="339" count="0" type="stmt"/>
        <line num="344" count="0" type="stmt"/>
        <line num="345" count="0" type="stmt"/>
        <line num="346" count="0" type="stmt"/>
        <line num="347" count="0" type="stmt"/>
        <line num="348" count="0" type="stmt"/>
        <line num="349" count="0" type="stmt"/>
        <line num="355" count="0" type="stmt"/>
        <line num="359" count="0" type="stmt"/>
      </file>
    </package>
  </project>
</coverage>
