{"C:\\Users\\sub.zero\\Desktop\\graveyard-shift\\src\\features\\AfterMidnight.ts": {"path":"C:\\Users\\sub.zero\\Desktop\\graveyard-shift\\src\\features\\AfterMidnight.ts","statementMap":{"0":{"start":{"line":3,"column":29},"end":{"line":3,"column":null}},"1":{"start":{"line":4,"column":27},"end":{"line":4,"column":null}},"2":{"start":{"line":6,"column":15},"end":{"line":6,"column":null}},"3":{"start":{"line":7,"column":25},"end":{"line":7,"column":null}},"4":{"start":{"line":8,"column":2},"end":{"line":13,"column":null}},"5":{"start":{"line":8,"column":15},"end":{"line":8,"column":18}},"6":{"start":{"line":9,"column":4},"end":{"line":9,"column":null}},"7":{"start":{"line":10,"column":4},"end":{"line":12,"column":null}},"8":{"start":{"line":11,"column":6},"end":{"line":11,"column":null}},"9":{"start":{"line":14,"column":2},"end":{"line":14,"column":null}},"10":{"start":{"line":17,"column":62},"end":{"line":17,"column":null}},"11":{"start":{"line":19,"column":28},"end":{"line":19,"column":null}},"12":{"start":{"line":20,"column":4},"end":{"line":22,"column":null}},"13":{"start":{"line":21,"column":6},"end":{"line":21,"column":null}},"14":{"start":{"line":26,"column":31},"end":{"line":26,"column":null}},"15":{"start":{"line":27,"column":4},"end":{"line":27,"column":null}},"16":{"start":{"line":29,"column":6},"end":{"line":30,"column":null}},"17":{"start":{"line":30,"column":28},"end":{"line":30,"column":48}},"18":{"start":{"line":31,"column":33},"end":{"line":33,"column":null}},"19":{"start":{"line":32,"column":22},"end":{"line":32,"column":null}},"20":{"start":{"line":34,"column":4},"end":{"line":36,"column":null}},"21":{"start":{"line":35,"column":6},"end":{"line":35,"column":null}},"22":{"start":{"line":37,"column":4},"end":{"line":39,"column":null}},"23":{"start":{"line":38,"column":6},"end":{"line":38,"column":null}},"24":{"start":{"line":40,"column":4},"end":{"line":40,"column":null}}},"fnMap":{"0":{"name":"drawWeightedMultiplier","decl":{"start":{"line":5,"column":9},"end":{"line":5,"column":42}},"loc":{"start":{"line":5,"column":42},"end":{"line":15,"column":null}},"line":5},"1":{"name":"choose","decl":{"start":{"line":18,"column":2},"end":{"line":18,"column":9}},"loc":{"start":{"line":18,"column":41},"end":{"line":41,"column":null}},"line":18},"2":{"name":"(anonymous_2)","decl":{"start":{"line":30,"column":6},"end":{"line":30,"column":14}},"loc":{"start":{"line":30,"column":28},"end":{"line":30,"column":48}},"line":30},"3":{"name":"(anonymous_3)","decl":{"start":{"line":31,"column":54},"end":{"line":31,"column":null}},"loc":{"start":{"line":32,"column":22},"end":{"line":32,"column":null}},"line":32},"4":{"name":"(anonymous_4)","decl":{"start":{"line":37,"column":21},"end":{"line":37,"column":30}},"loc":{"start":{"line":37,"column":57},"end":{"line":39,"column":5}},"line":37}},"branchMap":{"0":{"loc":{"start":{"line":10,"column":4},"end":{"line":12,"column":null}},"type":"if","locations":[{"start":{"line":10,"column":4},"end":{"line":12,"column":null}},{"start":{},"end":{}}],"line":10},"1":{"loc":{"start":{"line":20,"column":4},"end":{"line":22,"column":null}},"type":"if","locations":[{"start":{"line":20,"column":4},"end":{"line":22,"column":null}},{"start":{},"end":{}}],"line":20},"2":{"loc":{"start":{"line":34,"column":4},"end":{"line":36,"column":null}},"type":"if","locations":[{"start":{"line":34,"column":4},"end":{"line":36,"column":null}},{"start":{},"end":{}}],"line":34}},"s":{"0":2,"1":2,"2":9,"3":9,"4":9,"5":9,"6":18,"7":18,"8":9,"9":0,"10":25,"11":14,"12":14,"13":5,"14":9,"15":9,"16":9,"17":27,"18":9,"19":27,"20":9,"21":1,"22":9,"23":18,"24":9},"f":{"0":9,"1":14,"2":27,"3":27,"4":18},"b":{"0":[9,9],"1":[5,9],"2":[1,8]},"meta":{"lastBranch":3,"lastFunction":5,"lastStatement":25,"seen":{"s:3:29:3:Infinity":0,"s:4:27:4:Infinity":1,"f:5:9:5:42":0,"s:6:15:6:Infinity":2,"s:7:25:7:Infinity":3,"s:8:2:13:Infinity":4,"s:8:15:8:18":5,"s:9:4:9:Infinity":6,"b:10:4:12:Infinity:undefined:undefined:undefined:undefined":0,"s:10:4:12:Infinity":7,"s:11:6:11:Infinity":8,"s:14:2:14:Infinity":9,"s:17:62:17:Infinity":10,"f:18:2:18:9":1,"s:19:28:19:Infinity":11,"b:20:4:22:Infinity:undefined:undefined:undefined:undefined":1,"s:20:4:22:Infinity":12,"s:21:6:21:Infinity":13,"s:26:31:26:Infinity":14,"s:27:4:27:Infinity":15,"s:29:6:30:Infinity":16,"f:30:6:30:14":2,"s:30:28:30:48":17,"s:31:33:33:Infinity":18,"f:31:54:31:Infinity":3,"s:32:22:32:Infinity":19,"b:34:4:36:Infinity:undefined:undefined:undefined:undefined":2,"s:34:4:36:Infinity":20,"s:35:6:35:Infinity":21,"s:37:4:39:Infinity":22,"f:37:21:37:30":4,"s:38:6:38:Infinity":23,"s:40:4:40:Infinity":24},"fnNames":{}}}
,"C:\\Users\\sub.zero\\Desktop\\graveyard-shift\\src\\game\\Game.ts": {"path":"C:\\Users\\sub.zero\\Desktop\\graveyard-shift\\src\\game\\Game.ts","statementMap":{"0":{"start":{"line":17,"column":22},"end":{"line":17,"column":null}},"1":{"start":{"line":18,"column":30},"end":{"line":18,"column":null}},"2":{"start":{"line":38,"column":2},"end":{"line":41,"column":null}},"3":{"start":{"line":38,"column":28},"end":{"line":41,"column":4}},"4":{"start":{"line":40,"column":48},"end":{"line":40,"column":64}},"5":{"start":{"line":43,"column":41},"end":{"line":49,"column":null}},"6":{"start":{"line":53,"column":2},"end":{"line":53,"column":null}},"7":{"start":{"line":53,"column":28},"end":{"line":53,"column":37}},"8":{"start":{"line":58,"column":2},"end":{"line":60,"column":null}},"9":{"start":{"line":59,"column":4},"end":{"line":59,"column":null}},"10":{"start":{"line":64,"column":20},"end":{"line":64,"column":null}},"11":{"start":{"line":65,"column":16},"end":{"line":65,"column":null}},"12":{"start":{"line":66,"column":39},"end":{"line":66,"column":null}},"13":{"start":{"line":67,"column":31},"end":{"line":67,"column":null}},"14":{"start":{"line":68,"column":23},"end":{"line":68,"column":null}},"15":{"start":{"line":70,"column":4},"end":{"line":72,"column":null}},"16":{"start":{"line":74,"column":4},"end":{"line":74,"column":null}},"17":{"start":{"line":76,"column":4},"end":{"line":76,"column":null}},"18":{"start":{"line":78,"column":39},"end":{"line":78,"column":null}},"19":{"start":{"line":79,"column":67},"end":{"line":79,"column":null}},"20":{"start":{"line":80,"column":50},"end":{"line":80,"column":null}},"21":{"start":{"line":81,"column":49},"end":{"line":81,"column":null}},"22":{"start":{"line":82,"column":29},"end":{"line":82,"column":null}},"23":{"start":{"line":83,"column":23},"end":{"line":83,"column":null}},"24":{"start":{"line":84,"column":77},"end":{"line":84,"column":null}},"25":{"start":{"line":89,"column":4},"end":{"line":89,"column":null}},"26":{"start":{"line":90,"column":4},"end":{"line":90,"column":null}},"27":{"start":{"line":91,"column":4},"end":{"line":91,"column":null}},"28":{"start":{"line":92,"column":4},"end":{"line":98,"column":null}},"29":{"start":{"line":95,"column":8},"end":{"line":95,"column":null}},"30":{"start":{"line":96,"column":8},"end":{"line":96,"column":null}},"31":{"start":{"line":99,"column":4},"end":{"line":104,"column":null}},"32":{"start":{"line":102,"column":8},"end":{"line":102,"column":null}},"33":{"start":{"line":105,"column":4},"end":{"line":110,"column":null}},"34":{"start":{"line":108,"column":8},"end":{"line":108,"column":null}},"35":{"start":{"line":111,"column":4},"end":{"line":116,"column":null}},"36":{"start":{"line":114,"column":8},"end":{"line":114,"column":null}},"37":{"start":{"line":117,"column":4},"end":{"line":122,"column":null}},"38":{"start":{"line":120,"column":8},"end":{"line":120,"column":null}},"39":{"start":{"line":123,"column":4},"end":{"line":128,"column":null}},"40":{"start":{"line":126,"column":8},"end":{"line":126,"column":null}},"41":{"start":{"line":129,"column":4},"end":{"line":134,"column":null}},"42":{"start":{"line":132,"column":8},"end":{"line":132,"column":null}},"43":{"start":{"line":135,"column":4},"end":{"line":140,"column":null}},"44":{"start":{"line":138,"column":8},"end":{"line":138,"column":null}},"45":{"start":{"line":141,"column":4},"end":{"line":150,"column":null}},"46":{"start":{"line":144,"column":8},"end":{"line":146,"column":null}},"47":{"start":{"line":145,"column":10},"end":{"line":145,"column":null}},"48":{"start":{"line":147,"column":8},"end":{"line":147,"column":null}},"49":{"start":{"line":148,"column":8},"end":{"line":148,"column":null}},"50":{"start":{"line":151,"column":4},"end":{"line":151,"column":null}},"51":{"start":{"line":154,"column":4},"end":{"line":156,"column":null}},"52":{"start":{"line":155,"column":6},"end":{"line":155,"column":null}},"53":{"start":{"line":157,"column":4},"end":{"line":159,"column":null}},"54":{"start":{"line":158,"column":6},"end":{"line":158,"column":null}},"55":{"start":{"line":160,"column":4},"end":{"line":160,"column":null}},"56":{"start":{"line":161,"column":4},"end":{"line":161,"column":null}},"57":{"start":{"line":162,"column":4},"end":{"line":162,"column":null}},"58":{"start":{"line":165,"column":4},"end":{"line":167,"column":null}},"59":{"start":{"line":166,"column":6},"end":{"line":166,"column":null}},"60":{"start":{"line":168,"column":4},"end":{"line":171,"column":null}},"61":{"start":{"line":172,"column":4},"end":{"line":172,"column":null}},"62":{"start":{"line":173,"column":4},"end":{"line":173,"column":null}},"63":{"start":{"line":176,"column":4},"end":{"line":178,"column":null}},"64":{"start":{"line":177,"column":6},"end":{"line":177,"column":null}},"65":{"start":{"line":179,"column":19},"end":{"line":182,"column":null}},"66":{"start":{"line":183,"column":20},"end":{"line":186,"column":null}},"67":{"start":{"line":187,"column":4},"end":{"line":189,"column":null}},"68":{"start":{"line":188,"column":6},"end":{"line":188,"column":null}},"69":{"start":{"line":190,"column":4},"end":{"line":190,"column":null}},"70":{"start":{"line":191,"column":4},"end":{"line":191,"column":null}},"71":{"start":{"line":192,"column":4},"end":{"line":192,"column":null}},"72":{"start":{"line":197,"column":4},"end":{"line":199,"column":null}},"73":{"start":{"line":198,"column":6},"end":{"line":198,"column":null}},"74":{"start":{"line":200,"column":4},"end":{"line":200,"column":null}},"75":{"start":{"line":201,"column":19},"end":{"line":204,"column":null}},"76":{"start":{"line":205,"column":4},"end":{"line":208,"column":null}},"77":{"start":{"line":209,"column":4},"end":{"line":209,"column":null}},"78":{"start":{"line":210,"column":4},"end":{"line":210,"column":null}},"79":{"start":{"line":213,"column":4},"end":{"line":215,"column":null}},"80":{"start":{"line":214,"column":6},"end":{"line":214,"column":null}},"81":{"start":{"line":216,"column":4},"end":{"line":219,"column":null}},"82":{"start":{"line":220,"column":4},"end":{"line":220,"column":null}},"83":{"start":{"line":221,"column":4},"end":{"line":221,"column":null}},"84":{"start":{"line":224,"column":4},"end":{"line":224,"column":null}},"85":{"start":{"line":225,"column":4},"end":{"line":225,"column":null}},"86":{"start":{"line":228,"column":4},"end":{"line":230,"column":null}},"87":{"start":{"line":229,"column":6},"end":{"line":229,"column":null}},"88":{"start":{"line":231,"column":4},"end":{"line":231,"column":null}},"89":{"start":{"line":232,"column":4},"end":{"line":232,"column":null}},"90":{"start":{"line":235,"column":4},"end":{"line":235,"column":null}},"91":{"start":{"line":238,"column":4},"end":{"line":238,"column":null}},"92":{"start":{"line":239,"column":4},"end":{"line":239,"column":null}},"93":{"start":{"line":242,"column":4},"end":{"line":244,"column":null}},"94":{"start":{"line":243,"column":6},"end":{"line":243,"column":null}},"95":{"start":{"line":245,"column":19},"end":{"line":245,"column":null}},"96":{"start":{"line":246,"column":20},"end":{"line":250,"column":null}},"97":{"start":{"line":251,"column":20},"end":{"line":251,"column":null}},"98":{"start":{"line":252,"column":10},"end":{"line":258,"column":null}},"99":{"start":{"line":253,"column":6},"end":{"line":256,"column":null}},"100":{"start":{"line":254,"column":24},"end":{"line":254,"column":null}},"101":{"start":{"line":257,"column":6},"end":{"line":257,"column":null}},"102":{"start":{"line":259,"column":4},"end":{"line":259,"column":null}},"103":{"start":{"line":260,"column":4},"end":{"line":260,"column":null}},"104":{"start":{"line":261,"column":4},"end":{"line":261,"column":null}},"105":{"start":{"line":262,"column":4},"end":{"line":262,"column":null}},"106":{"start":{"line":263,"column":4},"end":{"line":263,"column":null}},"107":{"start":{"line":264,"column":4},"end":{"line":299,"column":null}},"108":{"start":{"line":265,"column":6},"end":{"line":265,"column":null}},"109":{"start":{"line":266,"column":6},"end":{"line":266,"column":null}},"110":{"start":{"line":267,"column":6},"end":{"line":267,"column":null}},"111":{"start":{"line":268,"column":29},"end":{"line":268,"column":null}},"112":{"start":{"line":269,"column":6},"end":{"line":274,"column":null}},"113":{"start":{"line":270,"column":8},"end":{"line":270,"column":null}},"114":{"start":{"line":271,"column":8},"end":{"line":271,"column":null}},"115":{"start":{"line":272,"column":8},"end":{"line":272,"column":null}},"116":{"start":{"line":273,"column":8},"end":{"line":273,"column":null}},"117":{"start":{"line":275,"column":6},"end":{"line":286,"column":null}},"118":{"start":{"line":276,"column":8},"end":{"line":276,"column":null}},"119":{"start":{"line":277,"column":8},"end":{"line":277,"column":null}},"120":{"start":{"line":278,"column":8},"end":{"line":278,"column":null}},"121":{"start":{"line":279,"column":8},"end":{"line":285,"column":null}},"122":{"start":{"line":280,"column":10},"end":{"line":280,"column":null}},"123":{"start":{"line":281,"column":10},"end":{"line":281,"column":null}},"124":{"start":{"line":282,"column":10},"end":{"line":282,"column":null}},"125":{"start":{"line":283,"column":10},"end":{"line":283,"column":null}},"126":{"start":{"line":284,"column":10},"end":{"line":284,"column":null}},"127":{"start":{"line":287,"column":6},"end":{"line":287,"column":null}},"128":{"start":{"line":288,"column":6},"end":{"line":288,"column":null}},"129":{"start":{"line":289,"column":6},"end":{"line":289,"column":null}},"130":{"start":{"line":290,"column":6},"end":{"line":292,"column":null}},"131":{"start":{"line":291,"column":8},"end":{"line":291,"column":null}},"132":{"start":{"line":293,"column":6},"end":{"line":293,"column":null}},"133":{"start":{"line":294,"column":6},"end":{"line":294,"column":null}},"134":{"start":{"line":296,"column":6},"end":{"line":296,"column":null}},"135":{"start":{"line":297,"column":6},"end":{"line":297,"column":null}},"136":{"start":{"line":298,"column":6},"end":{"line":298,"column":null}},"137":{"start":{"line":302,"column":4},"end":{"line":307,"column":null}},"138":{"start":{"line":306,"column":6},"end":{"line":306,"column":null}},"139":{"start":{"line":308,"column":4},"end":{"line":310,"column":null}},"140":{"start":{"line":309,"column":6},"end":{"line":309,"column":null}},"141":{"start":{"line":311,"column":4},"end":{"line":313,"column":null}},"142":{"start":{"line":312,"column":6},"end":{"line":312,"column":null}},"143":{"start":{"line":314,"column":4},"end":{"line":314,"column":null}},"144":{"start":{"line":315,"column":4},"end":{"line":315,"column":null}},"145":{"start":{"line":316,"column":24},"end":{"line":318,"column":null}},"146":{"start":{"line":320,"column":6},"end":{"line":320,"column":null}},"147":{"start":{"line":321,"column":4},"end":{"line":327,"column":null}},"148":{"start":{"line":328,"column":4},"end":{"line":328,"column":null}},"149":{"start":{"line":329,"column":4},"end":{"line":331,"column":null}},"150":{"start":{"line":332,"column":4},"end":{"line":332,"column":null}},"151":{"start":{"line":333,"column":4},"end":{"line":333,"column":null}},"152":{"start":{"line":334,"column":4},"end":{"line":334,"column":null}},"153":{"start":{"line":335,"column":4},"end":{"line":340,"column":null}},"154":{"start":{"line":341,"column":4},"end":{"line":341,"column":null}},"155":{"start":{"line":342,"column":4},"end":{"line":348,"column":null}},"156":{"start":{"line":349,"column":4},"end":{"line":349,"column":null}},"157":{"start":{"line":350,"column":4},"end":{"line":350,"column":null}},"158":{"start":{"line":351,"column":20},"end":{"line":351,"column":40}},"159":{"start":{"line":364,"column":4},"end":{"line":364,"column":null}},"160":{"start":{"line":365,"column":4},"end":{"line":365,"column":null}},"161":{"start":{"line":366,"column":4},"end":{"line":371,"column":null}},"162":{"start":{"line":372,"column":4},"end":{"line":372,"column":null}},"163":{"start":{"line":374,"column":6},"end":{"line":374,"column":null}},"164":{"start":{"line":375,"column":4},"end":{"line":375,"column":null}},"165":{"start":{"line":376,"column":4},"end":{"line":376,"column":null}},"166":{"start":{"line":377,"column":4},"end":{"line":382,"column":null}},"167":{"start":{"line":383,"column":4},"end":{"line":389,"column":null}},"168":{"start":{"line":390,"column":4},"end":{"line":395,"column":null}},"169":{"start":{"line":396,"column":4},"end":{"line":396,"column":null}},"170":{"start":{"line":397,"column":4},"end":{"line":399,"column":null}},"171":{"start":{"line":400,"column":4},"end":{"line":402,"column":null}},"172":{"start":{"line":403,"column":4},"end":{"line":408,"column":null}},"173":{"start":{"line":410,"column":6},"end":{"line":412,"column":null}},"174":{"start":{"line":413,"column":4},"end":{"line":424,"column":null}},"175":{"start":{"line":425,"column":4},"end":{"line":427,"column":null}},"176":{"start":{"line":428,"column":4},"end":{"line":431,"column":null}},"177":{"start":{"line":432,"column":4},"end":{"line":435,"column":null}},"178":{"start":{"line":436,"column":4},"end":{"line":436,"column":null}},"179":{"start":{"line":442,"column":4},"end":{"line":482,"column":null}},"180":{"start":{"line":443,"column":6},"end":{"line":448,"column":null}},"181":{"start":{"line":449,"column":6},"end":{"line":451,"column":null}},"182":{"start":{"line":452,"column":35},"end":{"line":452,"column":null}},"183":{"start":{"line":453,"column":29},"end":{"line":453,"column":null}},"184":{"start":{"line":454,"column":6},"end":{"line":461,"column":null}},"185":{"start":{"line":462,"column":6},"end":{"line":462,"column":null}},"186":{"start":{"line":463,"column":6},"end":{"line":467,"column":null}},"187":{"start":{"line":469,"column":8},"end":{"line":471,"column":null}},"188":{"start":{"line":472,"column":6},"end":{"line":479,"column":null}},"189":{"start":{"line":476,"column":8},"end":{"line":478,"column":null}},"190":{"start":{"line":480,"column":6},"end":{"line":480,"column":null}},"191":{"start":{"line":481,"column":6},"end":{"line":481,"column":null}},"192":{"start":{"line":483,"column":4},"end":{"line":485,"column":null}},"193":{"start":{"line":486,"column":4},"end":{"line":491,"column":null}},"194":{"start":{"line":492,"column":4},"end":{"line":494,"column":null}},"195":{"start":{"line":495,"column":4},"end":{"line":497,"column":null}},"196":{"start":{"line":498,"column":4},"end":{"line":498,"column":null}},"197":{"start":{"line":499,"column":4},"end":{"line":504,"column":null}},"198":{"start":{"line":505,"column":4},"end":{"line":507,"column":null}},"199":{"start":{"line":508,"column":4},"end":{"line":513,"column":null}},"200":{"start":{"line":514,"column":22},"end":{"line":514,"column":null}},"201":{"start":{"line":515,"column":22},"end":{"line":515,"column":null}},"202":{"start":{"line":516,"column":40},"end":{"line":516,"column":null}},"203":{"start":{"line":517,"column":23},"end":{"line":517,"column":null}},"204":{"start":{"line":518,"column":4},"end":{"line":556,"column":null}},"205":{"start":{"line":519,"column":6},"end":{"line":519,"column":null}},"206":{"start":{"line":520,"column":19},"end":{"line":520,"column":null}},"207":{"start":{"line":521,"column":6},"end":{"line":521,"column":null}},"208":{"start":{"line":522,"column":6},"end":{"line":522,"column":null}},"209":{"start":{"line":523,"column":6},"end":{"line":523,"column":null}},"210":{"start":{"line":524,"column":6},"end":{"line":524,"column":null}},"211":{"start":{"line":525,"column":6},"end":{"line":525,"column":null}},"212":{"start":{"line":526,"column":6},"end":{"line":529,"column":null}},"213":{"start":{"line":530,"column":6},"end":{"line":530,"column":null}},"214":{"start":{"line":531,"column":6},"end":{"line":531,"column":null}},"215":{"start":{"line":532,"column":6},"end":{"line":532,"column":null}},"216":{"start":{"line":533,"column":6},"end":{"line":533,"column":null}},"217":{"start":{"line":534,"column":6},"end":{"line":534,"column":null}},"218":{"start":{"line":535,"column":6},"end":{"line":537,"column":null}},"219":{"start":{"line":538,"column":25},"end":{"line":538,"column":null}},"220":{"start":{"line":539,"column":6},"end":{"line":539,"column":null}},"221":{"start":{"line":540,"column":6},"end":{"line":540,"column":null}},"222":{"start":{"line":541,"column":6},"end":{"line":541,"column":null}},"223":{"start":{"line":542,"column":6},"end":{"line":546,"column":null}},"224":{"start":{"line":543,"column":49},"end":{"line":543,"column":65}},"225":{"start":{"line":547,"column":6},"end":{"line":555,"column":null}},"226":{"start":{"line":548,"column":8},"end":{"line":548,"column":null}},"227":{"start":{"line":549,"column":8},"end":{"line":549,"column":null}},"228":{"start":{"line":550,"column":8},"end":{"line":550,"column":null}},"229":{"start":{"line":551,"column":8},"end":{"line":551,"column":null}},"230":{"start":{"line":552,"column":8},"end":{"line":554,"column":null}},"231":{"start":{"line":557,"column":33},"end":{"line":560,"column":null}},"232":{"start":{"line":558,"column":22},"end":{"line":558,"column":null}},"233":{"start":{"line":562,"column":6},"end":{"line":562,"column":null}},"234":{"start":{"line":563,"column":36},"end":{"line":567,"column":null}},"235":{"start":{"line":568,"column":4},"end":{"line":571,"column":null}},"236":{"start":{"line":572,"column":4},"end":{"line":574,"column":null}},"237":{"start":{"line":575,"column":4},"end":{"line":582,"column":null}},"238":{"start":{"line":583,"column":4},"end":{"line":583,"column":null}},"239":{"start":{"line":584,"column":4},"end":{"line":586,"column":null}},"240":{"start":{"line":592,"column":6},"end":{"line":594,"column":null}},"241":{"start":{"line":595,"column":4},"end":{"line":602,"column":null}},"242":{"start":{"line":599,"column":6},"end":{"line":601,"column":null}},"243":{"start":{"line":603,"column":4},"end":{"line":603,"column":null}},"244":{"start":{"line":610,"column":4},"end":{"line":612,"column":null}},"245":{"start":{"line":611,"column":6},"end":{"line":611,"column":null}},"246":{"start":{"line":613,"column":4},"end":{"line":619,"column":null}},"247":{"start":{"line":620,"column":4},"end":{"line":620,"column":null}},"248":{"start":{"line":623,"column":4},"end":{"line":625,"column":null}},"249":{"start":{"line":624,"column":6},"end":{"line":624,"column":null}},"250":{"start":{"line":626,"column":4},"end":{"line":626,"column":null}},"251":{"start":{"line":627,"column":4},"end":{"line":627,"column":null}},"252":{"start":{"line":628,"column":4},"end":{"line":628,"column":null}},"253":{"start":{"line":633,"column":4},"end":{"line":635,"column":null}},"254":{"start":{"line":636,"column":4},"end":{"line":637,"column":null}},"255":{"start":{"line":639,"column":6},"end":{"line":651,"column":null}},"256":{"start":{"line":642,"column":12},"end":{"line":644,"column":null}},"257":{"start":{"line":645,"column":10},"end":{"line":648,"column":null}},"258":{"start":{"line":649,"column":10},"end":{"line":649,"column":null}},"259":{"start":{"line":652,"column":4},"end":{"line":653,"column":null}},"260":{"start":{"line":654,"column":4},"end":{"line":654,"column":null}},"261":{"start":{"line":655,"column":4},"end":{"line":657,"column":null}},"262":{"start":{"line":662,"column":4},"end":{"line":668,"column":null}},"263":{"start":{"line":666,"column":10},"end":{"line":666,"column":null}},"264":{"start":{"line":674,"column":6},"end":{"line":674,"column":null}},"265":{"start":{"line":675,"column":4},"end":{"line":676,"column":null}},"266":{"start":{"line":677,"column":4},"end":{"line":677,"column":null}},"267":{"start":{"line":678,"column":4},"end":{"line":682,"column":null}},"268":{"start":{"line":683,"column":4},"end":{"line":690,"column":null}},"269":{"start":{"line":691,"column":4},"end":{"line":693,"column":null}},"270":{"start":{"line":694,"column":4},"end":{"line":696,"column":null}},"271":{"start":{"line":697,"column":4},"end":{"line":702,"column":null}},"272":{"start":{"line":703,"column":4},"end":{"line":705,"column":null}},"273":{"start":{"line":704,"column":6},"end":{"line":704,"column":null}},"274":{"start":{"line":706,"column":4},"end":{"line":708,"column":null}},"275":{"start":{"line":709,"column":4},"end":{"line":714,"column":null}},"276":{"start":{"line":717,"column":4},"end":{"line":717,"column":null}},"277":{"start":{"line":718,"column":4},"end":{"line":723,"column":null}},"278":{"start":{"line":728,"column":28},"end":{"line":728,"column":null}},"279":{"start":{"line":729,"column":4},"end":{"line":741,"column":null}},"280":{"start":{"line":729,"column":19},"end":{"line":729,"column":22}},"281":{"start":{"line":730,"column":32},"end":{"line":730,"column":null}},"282":{"start":{"line":731,"column":6},"end":{"line":737,"column":null}},"283":{"start":{"line":731,"column":22},"end":{"line":731,"column":25}},"284":{"start":{"line":732,"column":8},"end":{"line":736,"column":null}},"285":{"start":{"line":738,"column":6},"end":{"line":740,"column":null}},"286":{"start":{"line":742,"column":4},"end":{"line":742,"column":null}}},"fnMap":{"0":{"name":"cloneWins","decl":{"start":{"line":37,"column":9},"end":{"line":37,"column":19}},"loc":{"start":{"line":37,"column":51},"end":{"line":42,"column":null}},"line":37},"1":{"name":"(anonymous_1)","decl":{"start":{"line":38,"column":14},"end":{"line":38,"column":19}},"loc":{"start":{"line":38,"column":28},"end":{"line":41,"column":4}},"line":38},"2":{"name":"(anonymous_2)","decl":{"start":{"line":40,"column":29},"end":{"line":40,"column":34}},"loc":{"start":{"line":40,"column":48},"end":{"line":40,"column":64}},"line":40},"3":{"name":"cloneGrid","decl":{"start":{"line":50,"column":9},"end":{"line":50,"column":null}},"loc":{"start":{"line":52,"column":12},"end":{"line":54,"column":null}},"line":52},"4":{"name":"(anonymous_4)","decl":{"start":{"line":53,"column":14},"end":{"line":53,"column":19}},"loc":{"start":{"line":53,"column":28},"end":{"line":53,"column":37}},"line":53},"5":{"name":"delay","decl":{"start":{"line":55,"column":9},"end":{"line":55,"column":null}},"loc":{"start":{"line":57,"column":17},"end":{"line":61,"column":null}},"line":57},"6":{"name":"(anonymous_6)","decl":{"start":{"line":58,"column":13},"end":{"line":58,"column":22}},"loc":{"start":{"line":58,"column":34},"end":{"line":60,"column":3}},"line":58},"7":{"name":"constructor","decl":{"start":{"line":85,"column":2},"end":{"line":85,"column":null}},"loc":{"start":{"line":88,"column":4},"end":{"line":152,"column":null}},"line":88},"8":{"name":"(anonymous_8)","decl":{"start":{"line":93,"column":6},"end":{"line":93,"column":null}},"loc":{"start":{"line":94,"column":12},"end":{"line":97,"column":null}},"line":94},"9":{"name":"(anonymous_9)","decl":{"start":{"line":100,"column":6},"end":{"line":100,"column":null}},"loc":{"start":{"line":101,"column":12},"end":{"line":103,"column":null}},"line":101},"10":{"name":"(anonymous_10)","decl":{"start":{"line":106,"column":6},"end":{"line":106,"column":null}},"loc":{"start":{"line":107,"column":12},"end":{"line":109,"column":null}},"line":107},"11":{"name":"(anonymous_11)","decl":{"start":{"line":112,"column":6},"end":{"line":112,"column":null}},"loc":{"start":{"line":113,"column":12},"end":{"line":115,"column":null}},"line":113},"12":{"name":"(anonymous_12)","decl":{"start":{"line":118,"column":6},"end":{"line":118,"column":null}},"loc":{"start":{"line":119,"column":12},"end":{"line":121,"column":null}},"line":119},"13":{"name":"(anonymous_13)","decl":{"start":{"line":124,"column":6},"end":{"line":124,"column":null}},"loc":{"start":{"line":125,"column":12},"end":{"line":127,"column":null}},"line":125},"14":{"name":"(anonymous_14)","decl":{"start":{"line":130,"column":6},"end":{"line":130,"column":null}},"loc":{"start":{"line":131,"column":12},"end":{"line":133,"column":null}},"line":131},"15":{"name":"(anonymous_15)","decl":{"start":{"line":136,"column":6},"end":{"line":136,"column":null}},"loc":{"start":{"line":137,"column":12},"end":{"line":139,"column":null}},"line":137},"16":{"name":"(anonymous_16)","decl":{"start":{"line":142,"column":6},"end":{"line":142,"column":null}},"loc":{"start":{"line":143,"column":17},"end":{"line":149,"column":null}},"line":143},"17":{"name":"clearBet","decl":{"start":{"line":153,"column":2},"end":{"line":153,"column":10}},"loc":{"start":{"line":153,"column":27},"end":{"line":163,"column":null}},"line":153},"18":{"name":"decreaseBet","decl":{"start":{"line":164,"column":2},"end":{"line":164,"column":10}},"loc":{"start":{"line":164,"column":30},"end":{"line":174,"column":null}},"line":164},"19":{"name":"increaseBet","decl":{"start":{"line":175,"column":2},"end":{"line":175,"column":10}},"loc":{"start":{"line":175,"column":30},"end":{"line":193,"column":null}},"line":175},"20":{"name":"quickAddBet","decl":{"start":{"line":194,"column":2},"end":{"line":194,"column":10}},"loc":{"start":{"line":196,"column":10},"end":{"line":211,"column":null}},"line":196},"21":{"name":"setMaxBet","decl":{"start":{"line":212,"column":2},"end":{"line":212,"column":10}},"loc":{"start":{"line":212,"column":28},"end":{"line":222,"column":null}},"line":212},"22":{"name":"setDevMode","decl":{"start":{"line":223,"column":2},"end":{"line":223,"column":13}},"loc":{"start":{"line":223,"column":37},"end":{"line":226,"column":null}},"line":223},"23":{"name":"armAfterMidnightTrigger","decl":{"start":{"line":227,"column":2},"end":{"line":227,"column":37}},"loc":{"start":{"line":227,"column":37},"end":{"line":233,"column":null}},"line":227},"24":{"name":"setAfterMidnightDevTriggerConsumedHandler","decl":{"start":{"line":234,"column":2},"end":{"line":234,"column":44}},"loc":{"start":{"line":234,"column":71},"end":{"line":236,"column":null}},"line":234},"25":{"name":"setLastSpinReplayAvailableHandler","decl":{"start":{"line":237,"column":2},"end":{"line":237,"column":36}},"loc":{"start":{"line":237,"column":81},"end":{"line":240,"column":null}},"line":237},"26":{"name":"replayLastSpin","decl":{"start":{"line":241,"column":8},"end":{"line":241,"column":43}},"loc":{"start":{"line":241,"column":43},"end":{"line":300,"column":null}},"line":241},"27":{"name":"(anonymous_27)","decl":{"start":{"line":252,"column":10},"end":{"line":252,"column":27}},"loc":{"start":{"line":252,"column":55},"end":{"line":258,"column":null}},"line":252},"28":{"name":"(anonymous_28)","decl":{"start":{"line":253,"column":24},"end":{"line":253,"column":null}},"loc":{"start":{"line":254,"column":24},"end":{"line":254,"column":null}},"line":254},"29":{"name":"handleSpin","decl":{"start":{"line":301,"column":16},"end":{"line":301,"column":44}},"loc":{"start":{"line":301,"column":44},"end":{"line":437,"column":null}},"line":301},"30":{"name":"evaluateResult","decl":{"start":{"line":438,"column":16},"end":{"line":438,"column":null}},"loc":{"start":{"line":441,"column":19},"end":{"line":604,"column":null}},"line":441},"31":{"name":"(anonymous_31)","decl":{"start":{"line":543,"column":30},"end":{"line":543,"column":35}},"loc":{"start":{"line":543,"column":49},"end":{"line":543,"column":65}},"line":543},"32":{"name":"(anonymous_32)","decl":{"start":{"line":557,"column":48},"end":{"line":557,"column":null}},"loc":{"start":{"line":558,"column":22},"end":{"line":558,"column":null}},"line":558},"33":{"name":"commitReplayCapture","decl":{"start":{"line":605,"column":2},"end":{"line":605,"column":10}},"loc":{"start":{"line":609,"column":10},"end":{"line":621,"column":null}},"line":609},"34":{"name":"consumeForcedAfterMidnight","decl":{"start":{"line":622,"column":2},"end":{"line":622,"column":10}},"loc":{"start":{"line":622,"column":48},"end":{"line":629,"column":null}},"line":622},"35":{"name":"triggerAfterMidnight","decl":{"start":{"line":630,"column":16},"end":{"line":630,"column":null}},"loc":{"start":{"line":632,"column":19},"end":{"line":658,"column":null}},"line":632},"36":{"name":"(anonymous_36)","decl":{"start":{"line":639,"column":22},"end":{"line":639,"column":null}},"loc":{"start":{"line":640,"column":20},"end":{"line":650,"column":null}},"line":640},"37":{"name":"countScatters","decl":{"start":{"line":659,"column":2},"end":{"line":659,"column":10}},"loc":{"start":{"line":661,"column":12},"end":{"line":669,"column":null}},"line":661},"38":{"name":"(anonymous_38)","decl":{"start":{"line":664,"column":7},"end":{"line":664,"column":null}},"loc":{"start":{"line":666,"column":10},"end":{"line":666,"column":null}},"line":666},"39":{"name":"finishSpin","decl":{"start":{"line":670,"column":16},"end":{"line":670,"column":null}},"loc":{"start":{"line":672,"column":19},"end":{"line":715,"column":null}},"line":672},"40":{"name":"updateHud","decl":{"start":{"line":716,"column":2},"end":{"line":716,"column":10}},"loc":{"start":{"line":716,"column":28},"end":{"line":724,"column":null}},"line":716},"41":{"name":"formatGridLines","decl":{"start":{"line":725,"column":2},"end":{"line":725,"column":10}},"loc":{"start":{"line":727,"column":14},"end":{"line":743,"column":null}},"line":727}},"branchMap":{"0":{"loc":{"start":{"line":144,"column":8},"end":{"line":146,"column":null}},"type":"if","locations":[{"start":{"line":144,"column":8},"end":{"line":146,"column":null}},{"start":{},"end":{}}],"line":144},"1":{"loc":{"start":{"line":154,"column":4},"end":{"line":156,"column":null}},"type":"if","locations":[{"start":{"line":154,"column":4},"end":{"line":156,"column":null}},{"start":{},"end":{}}],"line":154},"2":{"loc":{"start":{"line":154,"column":8},"end":{"line":154,"column":71}},"type":"binary-expr","locations":[{"start":{"line":154,"column":8},"end":{"line":154,"column":48}},{"start":{"line":154,"column":48},"end":{"line":154,"column":71}}],"line":154},"3":{"loc":{"start":{"line":157,"column":4},"end":{"line":159,"column":null}},"type":"if","locations":[{"start":{"line":157,"column":4},"end":{"line":159,"column":null}},{"start":{},"end":{}}],"line":157},"4":{"loc":{"start":{"line":165,"column":4},"end":{"line":167,"column":null}},"type":"if","locations":[{"start":{"line":165,"column":4},"end":{"line":167,"column":null}},{"start":{},"end":{}}],"line":165},"5":{"loc":{"start":{"line":165,"column":8},"end":{"line":165,"column":71}},"type":"binary-expr","locations":[{"start":{"line":165,"column":8},"end":{"line":165,"column":48}},{"start":{"line":165,"column":48},"end":{"line":165,"column":71}}],"line":165},"6":{"loc":{"start":{"line":176,"column":4},"end":{"line":178,"column":null}},"type":"if","locations":[{"start":{"line":176,"column":4},"end":{"line":178,"column":null}},{"start":{},"end":{}}],"line":176},"7":{"loc":{"start":{"line":176,"column":8},"end":{"line":176,"column":71}},"type":"binary-expr","locations":[{"start":{"line":176,"column":8},"end":{"line":176,"column":48}},{"start":{"line":176,"column":48},"end":{"line":176,"column":71}}],"line":176},"8":{"loc":{"start":{"line":187,"column":4},"end":{"line":189,"column":null}},"type":"if","locations":[{"start":{"line":187,"column":4},"end":{"line":189,"column":null}},{"start":{},"end":{}}],"line":187},"9":{"loc":{"start":{"line":197,"column":4},"end":{"line":199,"column":null}},"type":"if","locations":[{"start":{"line":197,"column":4},"end":{"line":199,"column":null}},{"start":{},"end":{}}],"line":197},"10":{"loc":{"start":{"line":197,"column":8},"end":{"line":197,"column":71}},"type":"binary-expr","locations":[{"start":{"line":197,"column":8},"end":{"line":197,"column":48}},{"start":{"line":197,"column":48},"end":{"line":197,"column":71}}],"line":197},"11":{"loc":{"start":{"line":213,"column":4},"end":{"line":215,"column":null}},"type":"if","locations":[{"start":{"line":213,"column":4},"end":{"line":215,"column":null}},{"start":{},"end":{}}],"line":213},"12":{"loc":{"start":{"line":213,"column":8},"end":{"line":213,"column":71}},"type":"binary-expr","locations":[{"start":{"line":213,"column":8},"end":{"line":213,"column":48}},{"start":{"line":213,"column":48},"end":{"line":213,"column":71}}],"line":213},"13":{"loc":{"start":{"line":228,"column":4},"end":{"line":230,"column":null}},"type":"if","locations":[{"start":{"line":228,"column":4},"end":{"line":230,"column":null}},{"start":{},"end":{}}],"line":228},"14":{"loc":{"start":{"line":228,"column":8},"end":{"line":228,"column":106}},"type":"binary-expr","locations":[{"start":{"line":228,"column":8},"end":{"line":228,"column":48}},{"start":{"line":228,"column":48},"end":{"line":228,"column":73}},{"start":{"line":228,"column":73},"end":{"line":228,"column":106}}],"line":228},"15":{"loc":{"start":{"line":242,"column":4},"end":{"line":244,"column":null}},"type":"if","locations":[{"start":{"line":242,"column":4},"end":{"line":244,"column":null}},{"start":{},"end":{}}],"line":242},"16":{"loc":{"start":{"line":242,"column":8},"end":{"line":242,"column":95}},"type":"binary-expr","locations":[{"start":{"line":242,"column":8},"end":{"line":242,"column":48}},{"start":{"line":242,"column":48},"end":{"line":242,"column":73}},{"start":{"line":242,"column":73},"end":{"line":242,"column":95}}],"line":242},"17":{"loc":{"start":{"line":269,"column":6},"end":{"line":274,"column":null}},"type":"if","locations":[{"start":{"line":269,"column":6},"end":{"line":274,"column":null}},{"start":{},"end":{}}],"line":269},"18":{"loc":{"start":{"line":279,"column":8},"end":{"line":285,"column":null}},"type":"if","locations":[{"start":{"line":279,"column":8},"end":{"line":285,"column":null}},{"start":{},"end":{}}],"line":279},"19":{"loc":{"start":{"line":290,"column":6},"end":{"line":292,"column":null}},"type":"if","locations":[{"start":{"line":290,"column":6},"end":{"line":292,"column":null}},{"start":{},"end":{}}],"line":290},"20":{"loc":{"start":{"line":302,"column":4},"end":{"line":307,"column":null}},"type":"if","locations":[{"start":{"line":302,"column":4},"end":{"line":307,"column":null}},{"start":{},"end":{}}],"line":302},"21":{"loc":{"start":{"line":303,"column":6},"end":{"line":304,"column":null}},"type":"binary-expr","locations":[{"start":{"line":303,"column":6},"end":{"line":304,"column":16}},{"start":{"line":304,"column":16},"end":{"line":304,"column":null}}],"line":303},"22":{"loc":{"start":{"line":308,"column":4},"end":{"line":310,"column":null}},"type":"if","locations":[{"start":{"line":308,"column":4},"end":{"line":310,"column":null}},{"start":{},"end":{}}],"line":308},"23":{"loc":{"start":{"line":311,"column":4},"end":{"line":313,"column":null}},"type":"if","locations":[{"start":{"line":311,"column":4},"end":{"line":313,"column":null}},{"start":{},"end":{}}],"line":311},"24":{"loc":{"start":{"line":442,"column":4},"end":{"line":482,"column":null}},"type":"if","locations":[{"start":{"line":442,"column":4},"end":{"line":482,"column":null}},{"start":{},"end":{}}],"line":442},"25":{"loc":{"start":{"line":472,"column":6},"end":{"line":479,"column":null}},"type":"if","locations":[{"start":{"line":472,"column":6},"end":{"line":479,"column":null}},{"start":{},"end":{}}],"line":472},"26":{"loc":{"start":{"line":473,"column":8},"end":{"line":474,"column":null}},"type":"binary-expr","locations":[{"start":{"line":473,"column":8},"end":{"line":473,"column":null}},{"start":{"line":474,"column":8},"end":{"line":474,"column":null}}],"line":473},"27":{"loc":{"start":{"line":547,"column":6},"end":{"line":555,"column":null}},"type":"if","locations":[{"start":{"line":547,"column":6},"end":{"line":555,"column":null}},{"start":{},"end":{}}],"line":547},"28":{"loc":{"start":{"line":595,"column":4},"end":{"line":602,"column":null}},"type":"if","locations":[{"start":{"line":595,"column":4},"end":{"line":602,"column":null}},{"start":{},"end":{}}],"line":595},"29":{"loc":{"start":{"line":596,"column":6},"end":{"line":597,"column":null}},"type":"binary-expr","locations":[{"start":{"line":596,"column":6},"end":{"line":596,"column":null}},{"start":{"line":597,"column":6},"end":{"line":597,"column":null}}],"line":596},"30":{"loc":{"start":{"line":610,"column":4},"end":{"line":612,"column":null}},"type":"if","locations":[{"start":{"line":610,"column":4},"end":{"line":612,"column":null}},{"start":{},"end":{}}],"line":610},"31":{"loc":{"start":{"line":623,"column":4},"end":{"line":625,"column":null}},"type":"if","locations":[{"start":{"line":623,"column":4},"end":{"line":625,"column":null}},{"start":{},"end":{}}],"line":623},"32":{"loc":{"start":{"line":703,"column":4},"end":{"line":705,"column":null}},"type":"if","locations":[{"start":{"line":703,"column":4},"end":{"line":705,"column":null}},{"start":{},"end":{}}],"line":703}},"s":{"0":1,"1":1,"2":48,"3":37,"4":111,"5":1,"6":128,"7":640,"8":12,"9":12,"10":12,"11":12,"12":12,"13":12,"14":12,"15":12,"16":12,"17":12,"18":12,"19":12,"20":12,"21":12,"22":12,"23":12,"24":12,"25":12,"26":12,"27":12,"28":12,"29":0,"30":0,"31":12,"32":0,"33":12,"34":0,"35":12,"36":0,"37":12,"38":0,"39":12,"40":0,"41":12,"42":0,"43":12,"44":0,"45":12,"46":0,"47":0,"48":0,"49":0,"50":12,"51":2,"52":0,"53":2,"54":0,"55":2,"56":2,"57":2,"58":0,"59":0,"60":0,"61":0,"62":0,"63":0,"64":0,"65":0,"66":0,"67":0,"68":0,"69":0,"70":0,"71":0,"72":0,"73":0,"74":0,"75":0,"76":0,"77":0,"78":0,"79":0,"80":0,"81":0,"82":0,"83":0,"84":0,"85":0,"86":0,"87":0,"88":0,"89":0,"90":0,"91":0,"92":0,"93":0,"94":0,"95":0,"96":0,"97":0,"98":0,"99":0,"100":0,"101":0,"102":0,"103":0,"104":0,"105":0,"106":0,"107":0,"108":0,"109":0,"110":0,"111":0,"112":0,"113":0,"114":0,"115":0,"116":0,"117":0,"118":0,"119":0,"120":0,"121":0,"122":0,"123":0,"124":0,"125":0,"126":0,"127":0,"128":0,"129":0,"130":0,"131":0,"132":0,"133":0,"134":0,"135":0,"136":0,"137":13,"138":0,"139":13,"140":1,"141":12,"142":0,"143":12,"144":13,"145":13,"146":13,"147":13,"148":13,"149":13,"150":13,"151":13,"152":13,"153":13,"154":13,"155":12,"156":12,"157":12,"158":12,"159":12,"160":12,"161":12,"162":12,"163":12,"164":12,"165":12,"166":12,"167":12,"168":12,"169":12,"170":12,"171":12,"172":12,"173":12,"174":12,"175":12,"176":12,"177":12,"178":12,"179":12,"180":2,"181":2,"182":2,"183":2,"184":2,"185":2,"186":2,"187":2,"188":2,"189":0,"190":2,"191":2,"192":10,"193":10,"194":10,"195":10,"196":10,"197":10,"198":10,"199":10,"200":10,"201":10,"202":10,"203":10,"204":10,"205":12,"206":12,"207":12,"208":12,"209":12,"210":12,"211":12,"212":12,"213":12,"214":12,"215":12,"216":12,"217":12,"218":12,"219":12,"220":12,"221":12,"222":12,"223":12,"224":36,"225":12,"226":2,"227":2,"228":2,"229":2,"230":2,"231":10,"232":13,"233":10,"234":10,"235":10,"236":10,"237":10,"238":10,"239":10,"240":10,"241":10,"242":4,"243":10,"244":12,"245":0,"246":12,"247":12,"248":12,"249":12,"250":0,"251":0,"252":12,"253":4,"254":4,"255":4,"256":0,"257":0,"258":0,"259":4,"260":4,"261":4,"262":12,"263":180,"264":12,"265":12,"266":12,"267":12,"268":12,"269":12,"270":12,"271":12,"272":12,"273":10,"274":12,"275":12,"276":14,"277":14,"278":12,"279":12,"280":12,"281":36,"282":36,"283":36,"284":180,"285":36,"286":12},"f":{"0":48,"1":37,"2":111,"3":128,"4":640,"5":12,"6":12,"7":12,"8":0,"9":0,"10":0,"11":0,"12":0,"13":0,"14":0,"15":0,"16":0,"17":2,"18":0,"19":0,"20":0,"21":0,"22":0,"23":0,"24":0,"25":0,"26":0,"27":0,"28":0,"29":13,"30":12,"31":36,"32":13,"33":12,"34":12,"35":4,"36":0,"37":12,"38":180,"39":12,"40":14,"41":12},"b":{"0":[0,0],"1":[0,2],"2":[2,2],"3":[0,2],"4":[0,0],"5":[0,0],"6":[0,0],"7":[0,0],"8":[0,0],"9":[0,0],"10":[0,0],"11":[0,0],"12":[0,0],"13":[0,0],"14":[0,0,0],"15":[0,0],"16":[0,0,0],"17":[0,0],"18":[0,0],"19":[0,0],"20":[0,13],"21":[13,13],"22":[1,12],"23":[0,12],"24":[2,10],"25":[0,2],"26":[2,2],"27":[2,10],"28":[4,6],"29":[10,10],"30":[0,12],"31":[12,0],"32":[10,2]},"meta":{"lastBranch":33,"lastFunction":42,"lastStatement":287,"seen":{"s:17:22:17:Infinity":0,"s:18:30:18:Infinity":1,"f:37:9:37:19":0,"s:38:2:41:Infinity":2,"f:38:14:38:19":1,"s:38:28:41:4":3,"f:40:29:40:34":2,"s:40:48:40:64":4,"s:43:41:49:Infinity":5,"f:50:9:50:Infinity":3,"s:53:2:53:Infinity":6,"f:53:14:53:19":4,"s:53:28:53:37":7,"f:55:9:55:Infinity":5,"s:58:2:60:Infinity":8,"f:58:13:58:22":6,"s:59:4:59:Infinity":9,"s:64:20:64:Infinity":10,"s:65:16:65:Infinity":11,"s:66:39:66:Infinity":12,"s:67:31:67:Infinity":13,"s:68:23:68:Infinity":14,"s:70:4:72:Infinity":15,"s:74:4:74:Infinity":16,"s:76:4:76:Infinity":17,"s:78:39:78:Infinity":18,"s:79:67:79:Infinity":19,"s:80:50:80:Infinity":20,"s:81:49:81:Infinity":21,"s:82:29:82:Infinity":22,"s:83:23:83:Infinity":23,"s:84:77:84:Infinity":24,"f:85:2:85:Infinity":7,"s:89:4:89:Infinity":25,"s:90:4:90:Infinity":26,"s:91:4:91:Infinity":27,"s:92:4:98:Infinity":28,"f:93:6:93:Infinity":8,"s:95:8:95:Infinity":29,"s:96:8:96:Infinity":30,"s:99:4:104:Infinity":31,"f:100:6:100:Infinity":9,"s:102:8:102:Infinity":32,"s:105:4:110:Infinity":33,"f:106:6:106:Infinity":10,"s:108:8:108:Infinity":34,"s:111:4:116:Infinity":35,"f:112:6:112:Infinity":11,"s:114:8:114:Infinity":36,"s:117:4:122:Infinity":37,"f:118:6:118:Infinity":12,"s:120:8:120:Infinity":38,"s:123:4:128:Infinity":39,"f:124:6:124:Infinity":13,"s:126:8:126:Infinity":40,"s:129:4:134:Infinity":41,"f:130:6:130:Infinity":14,"s:132:8:132:Infinity":42,"s:135:4:140:Infinity":43,"f:136:6:136:Infinity":15,"s:138:8:138:Infinity":44,"s:141:4:150:Infinity":45,"f:142:6:142:Infinity":16,"b:144:8:146:Infinity:undefined:undefined:undefined:undefined":0,"s:144:8:146:Infinity":46,"s:145:10:145:Infinity":47,"s:147:8:147:Infinity":48,"s:148:8:148:Infinity":49,"s:151:4:151:Infinity":50,"f:153:2:153:10":17,"b:154:4:156:Infinity:undefined:undefined:undefined:undefined":1,"s:154:4:156:Infinity":51,"b:154:8:154:48:154:48:154:71":2,"s:155:6:155:Infinity":52,"b:157:4:159:Infinity:undefined:undefined:undefined:undefined":3,"s:157:4:159:Infinity":53,"s:158:6:158:Infinity":54,"s:160:4:160:Infinity":55,"s:161:4:161:Infinity":56,"s:162:4:162:Infinity":57,"f:164:2:164:10":18,"b:165:4:167:Infinity:undefined:undefined:undefined:undefined":4,"s:165:4:167:Infinity":58,"b:165:8:165:48:165:48:165:71":5,"s:166:6:166:Infinity":59,"s:168:4:171:Infinity":60,"s:172:4:172:Infinity":61,"s:173:4:173:Infinity":62,"f:175:2:175:10":19,"b:176:4:178:Infinity:undefined:undefined:undefined:undefined":6,"s:176:4:178:Infinity":63,"b:176:8:176:48:176:48:176:71":7,"s:177:6:177:Infinity":64,"s:179:19:182:Infinity":65,"s:183:20:186:Infinity":66,"b:187:4:189:Infinity:undefined:undefined:undefined:undefined":8,"s:187:4:189:Infinity":67,"s:188:6:188:Infinity":68,"s:190:4:190:Infinity":69,"s:191:4:191:Infinity":70,"s:192:4:192:Infinity":71,"f:194:2:194:10":20,"b:197:4:199:Infinity:undefined:undefined:undefined:undefined":9,"s:197:4:199:Infinity":72,"b:197:8:197:48:197:48:197:71":10,"s:198:6:198:Infinity":73,"s:200:4:200:Infinity":74,"s:201:19:204:Infinity":75,"s:205:4:208:Infinity":76,"s:209:4:209:Infinity":77,"s:210:4:210:Infinity":78,"f:212:2:212:10":21,"b:213:4:215:Infinity:undefined:undefined:undefined:undefined":11,"s:213:4:215:Infinity":79,"b:213:8:213:48:213:48:213:71":12,"s:214:6:214:Infinity":80,"s:216:4:219:Infinity":81,"s:220:4:220:Infinity":82,"s:221:4:221:Infinity":83,"f:223:2:223:13":22,"s:224:4:224:Infinity":84,"s:225:4:225:Infinity":85,"f:227:2:227:37":23,"b:228:4:230:Infinity:undefined:undefined:undefined:undefined":13,"s:228:4:230:Infinity":86,"b:228:8:228:48:228:48:228:73:228:73:228:106":14,"s:229:6:229:Infinity":87,"s:231:4:231:Infinity":88,"s:232:4:232:Infinity":89,"f:234:2:234:44":24,"s:235:4:235:Infinity":90,"f:237:2:237:36":25,"s:238:4:238:Infinity":91,"s:239:4:239:Infinity":92,"f:241:8:241:43":26,"b:242:4:244:Infinity:undefined:undefined:undefined:undefined":15,"s:242:4:244:Infinity":93,"b:242:8:242:48:242:48:242:73:242:73:242:95":16,"s:243:6:243:Infinity":94,"s:245:19:245:Infinity":95,"s:246:20:250:Infinity":96,"s:251:20:251:Infinity":97,"s:252:10:258:Infinity":98,"f:252:10:252:27":27,"s:253:6:256:Infinity":99,"f:253:24:253:Infinity":28,"s:254:24:254:Infinity":100,"s:257:6:257:Infinity":101,"s:259:4:259:Infinity":102,"s:260:4:260:Infinity":103,"s:261:4:261:Infinity":104,"s:262:4:262:Infinity":105,"s:263:4:263:Infinity":106,"s:264:4:299:Infinity":107,"s:265:6:265:Infinity":108,"s:266:6:266:Infinity":109,"s:267:6:267:Infinity":110,"s:268:29:268:Infinity":111,"b:269:6:274:Infinity:undefined:undefined:undefined:undefined":17,"s:269:6:274:Infinity":112,"s:270:8:270:Infinity":113,"s:271:8:271:Infinity":114,"s:272:8:272:Infinity":115,"s:273:8:273:Infinity":116,"s:275:6:286:Infinity":117,"s:276:8:276:Infinity":118,"s:277:8:277:Infinity":119,"s:278:8:278:Infinity":120,"b:279:8:285:Infinity:undefined:undefined:undefined:undefined":18,"s:279:8:285:Infinity":121,"s:280:10:280:Infinity":122,"s:281:10:281:Infinity":123,"s:282:10:282:Infinity":124,"s:283:10:283:Infinity":125,"s:284:10:284:Infinity":126,"s:287:6:287:Infinity":127,"s:288:6:288:Infinity":128,"s:289:6:289:Infinity":129,"b:290:6:292:Infinity:undefined:undefined:undefined:undefined":19,"s:290:6:292:Infinity":130,"s:291:8:291:Infinity":131,"s:293:6:293:Infinity":132,"s:294:6:294:Infinity":133,"s:296:6:296:Infinity":134,"s:297:6:297:Infinity":135,"s:298:6:298:Infinity":136,"f:301:16:301:44":29,"b:302:4:307:Infinity:undefined:undefined:undefined:undefined":20,"s:302:4:307:Infinity":137,"b:303:6:304:16:304:16:304:Infinity":21,"s:306:6:306:Infinity":138,"b:308:4:310:Infinity:undefined:undefined:undefined:undefined":22,"s:308:4:310:Infinity":139,"s:309:6:309:Infinity":140,"b:311:4:313:Infinity:undefined:undefined:undefined:undefined":23,"s:311:4:313:Infinity":141,"s:312:6:312:Infinity":142,"s:314:4:314:Infinity":143,"s:315:4:315:Infinity":144,"s:316:24:318:Infinity":145,"s:320:6:320:Infinity":146,"s:321:4:327:Infinity":147,"s:328:4:328:Infinity":148,"s:329:4:331:Infinity":149,"s:332:4:332:Infinity":150,"s:333:4:333:Infinity":151,"s:334:4:334:Infinity":152,"s:335:4:340:Infinity":153,"s:341:4:341:Infinity":154,"s:342:4:348:Infinity":155,"s:349:4:349:Infinity":156,"s:350:4:350:Infinity":157,"s:351:20:351:40":158,"s:364:4:364:Infinity":159,"s:365:4:365:Infinity":160,"s:366:4:371:Infinity":161,"s:372:4:372:Infinity":162,"s:374:6:374:Infinity":163,"s:375:4:375:Infinity":164,"s:376:4:376:Infinity":165,"s:377:4:382:Infinity":166,"s:383:4:389:Infinity":167,"s:390:4:395:Infinity":168,"s:396:4:396:Infinity":169,"s:397:4:399:Infinity":170,"s:400:4:402:Infinity":171,"s:403:4:408:Infinity":172,"s:410:6:412:Infinity":173,"s:413:4:424:Infinity":174,"s:425:4:427:Infinity":175,"s:428:4:431:Infinity":176,"s:432:4:435:Infinity":177,"s:436:4:436:Infinity":178,"f:438:16:438:Infinity":30,"b:442:4:482:Infinity:undefined:undefined:undefined:undefined":24,"s:442:4:482:Infinity":179,"s:443:6:448:Infinity":180,"s:449:6:451:Infinity":181,"s:452:35:452:Infinity":182,"s:453:29:453:Infinity":183,"s:454:6:461:Infinity":184,"s:462:6:462:Infinity":185,"s:463:6:467:Infinity":186,"s:469:8:471:Infinity":187,"b:472:6:479:Infinity:undefined:undefined:undefined:undefined":25,"s:472:6:479:Infinity":188,"b:473:8:473:Infinity:474:8:474:Infinity":26,"s:476:8:478:Infinity":189,"s:480:6:480:Infinity":190,"s:481:6:481:Infinity":191,"s:483:4:485:Infinity":192,"s:486:4:491:Infinity":193,"s:492:4:494:Infinity":194,"s:495:4:497:Infinity":195,"s:498:4:498:Infinity":196,"s:499:4:504:Infinity":197,"s:505:4:507:Infinity":198,"s:508:4:513:Infinity":199,"s:514:22:514:Infinity":200,"s:515:22:515:Infinity":201,"s:516:40:516:Infinity":202,"s:517:23:517:Infinity":203,"s:518:4:556:Infinity":204,"s:519:6:519:Infinity":205,"s:520:19:520:Infinity":206,"s:521:6:521:Infinity":207,"s:522:6:522:Infinity":208,"s:523:6:523:Infinity":209,"s:524:6:524:Infinity":210,"s:525:6:525:Infinity":211,"s:526:6:529:Infinity":212,"s:530:6:530:Infinity":213,"s:531:6:531:Infinity":214,"s:532:6:532:Infinity":215,"s:533:6:533:Infinity":216,"s:534:6:534:Infinity":217,"s:535:6:537:Infinity":218,"s:538:25:538:Infinity":219,"s:539:6:539:Infinity":220,"s:540:6:540:Infinity":221,"s:541:6:541:Infinity":222,"s:542:6:546:Infinity":223,"f:543:30:543:35":31,"s:543:49:543:65":224,"b:547:6:555:Infinity:undefined:undefined:undefined:undefined":27,"s:547:6:555:Infinity":225,"s:548:8:548:Infinity":226,"s:549:8:549:Infinity":227,"s:550:8:550:Infinity":228,"s:551:8:551:Infinity":229,"s:552:8:554:Infinity":230,"s:557:33:560:Infinity":231,"f:557:48:557:Infinity":32,"s:558:22:558:Infinity":232,"s:562:6:562:Infinity":233,"s:563:36:567:Infinity":234,"s:568:4:571:Infinity":235,"s:572:4:574:Infinity":236,"s:575:4:582:Infinity":237,"s:583:4:583:Infinity":238,"s:584:4:586:Infinity":239,"s:592:6:594:Infinity":240,"b:595:4:602:Infinity:undefined:undefined:undefined:undefined":28,"s:595:4:602:Infinity":241,"b:596:6:596:Infinity:597:6:597:Infinity":29,"s:599:6:601:Infinity":242,"s:603:4:603:Infinity":243,"f:605:2:605:10":33,"b:610:4:612:Infinity:undefined:undefined:undefined:undefined":30,"s:610:4:612:Infinity":244,"s:611:6:611:Infinity":245,"s:613:4:619:Infinity":246,"s:620:4:620:Infinity":247,"f:622:2:622:10":34,"b:623:4:625:Infinity:undefined:undefined:undefined:undefined":31,"s:623:4:625:Infinity":248,"s:624:6:624:Infinity":249,"s:626:4:626:Infinity":250,"s:627:4:627:Infinity":251,"s:628:4:628:Infinity":252,"f:630:16:630:Infinity":35,"s:633:4:635:Infinity":253,"s:636:4:637:Infinity":254,"s:639:6:651:Infinity":255,"f:639:22:639:Infinity":36,"s:642:12:644:Infinity":256,"s:645:10:648:Infinity":257,"s:649:10:649:Infinity":258,"s:652:4:653:Infinity":259,"s:654:4:654:Infinity":260,"s:655:4:657:Infinity":261,"f:659:2:659:10":37,"s:662:4:668:Infinity":262,"f:664:7:664:Infinity":38,"s:666:10:666:Infinity":263,"f:670:16:670:Infinity":39,"s:674:6:674:Infinity":264,"s:675:4:676:Infinity":265,"s:677:4:677:Infinity":266,"s:678:4:682:Infinity":267,"s:683:4:690:Infinity":268,"s:691:4:693:Infinity":269,"s:694:4:696:Infinity":270,"s:697:4:702:Infinity":271,"b:703:4:705:Infinity:undefined:undefined:undefined:undefined":32,"s:703:4:705:Infinity":272,"s:704:6:704:Infinity":273,"s:706:4:708:Infinity":274,"s:709:4:714:Infinity":275,"f:716:2:716:10":40,"s:717:4:717:Infinity":276,"s:718:4:723:Infinity":277,"f:725:2:725:10":41,"s:728:28:728:Infinity":278,"s:729:4:741:Infinity":279,"s:729:19:729:22":280,"s:730:32:730:Infinity":281,"s:731:6:737:Infinity":282,"s:731:22:731:25":283,"s:732:8:736:Infinity":284,"s:738:6:740:Infinity":285,"s:742:4:742:Infinity":286},"fnNames":{}}}
,"C:\\Users\\sub.zero\\Desktop\\graveyard-shift\\src\\game\\GameStateMachine.ts": {"path":"C:\\Users\\sub.zero\\Desktop\\graveyard-shift\\src\\game\\GameStateMachine.ts","statementMap":{"0":{"start":{"line":2,"column":58},"end":{"line":8,"column":null}},"1":{"start":{"line":10,"column":29},"end":{"line":10,"column":null}},"2":{"start":{"line":12,"column":4},"end":{"line":12,"column":null}},"3":{"start":{"line":15,"column":4},"end":{"line":19,"column":null}},"4":{"start":{"line":16,"column":6},"end":{"line":18,"column":null}},"5":{"start":{"line":20,"column":4},"end":{"line":20,"column":null}}},"fnMap":{"0":{"name":"current","decl":{"start":{"line":11,"column":6},"end":{"line":11,"column":27}},"loc":{"start":{"line":11,"column":27},"end":{"line":13,"column":null}},"line":11},"1":{"name":"transition","decl":{"start":{"line":14,"column":2},"end":{"line":14,"column":13}},"loc":{"start":{"line":14,"column":36},"end":{"line":21,"column":null}},"line":14}},"branchMap":{"0":{"loc":{"start":{"line":15,"column":4},"end":{"line":19,"column":null}},"type":"if","locations":[{"start":{"line":15,"column":4},"end":{"line":19,"column":null}},{"start":{},"end":{}}],"line":15}},"s":{"0":2,"1":16,"2":33,"3":82,"4":1,"5":81},"f":{"0":33,"1":82},"b":{"0":[1,81]},"meta":{"lastBranch":1,"lastFunction":2,"lastStatement":6,"seen":{"s:2:58:8:Infinity":0,"s:10:29:10:Infinity":1,"f:11:6:11:27":0,"s:12:4:12:Infinity":2,"f:14:2:14:13":1,"b:15:4:19:Infinity:undefined:undefined:undefined:undefined":0,"s:15:4:19:Infinity":3,"s:16:6:18:Infinity":4,"s:20:4:20:Infinity":5},"fnNames":{}}}
,"C:\\Users\\sub.zero\\Desktop\\graveyard-shift\\src\\math\\GameMath.ts": {"path":"C:\\Users\\sub.zero\\Desktop\\graveyard-shift\\src\\math\\GameMath.ts","statementMap":{"0":{"start":{"line":13,"column":49},"end":{"line":25,"column":null}},"1":{"start":{"line":30,"column":28},"end":{"line":30,"column":null}},"2":{"start":{"line":31,"column":2},"end":{"line":39,"column":null}},"3":{"start":{"line":35,"column":6},"end":{"line":35,"column":null}},"4":{"start":{"line":36,"column":4},"end":{"line":38,"column":null}},"5":{"start":{"line":36,"column":17},"end":{"line":36,"column":20}},"6":{"start":{"line":37,"column":6},"end":{"line":37,"column":null}},"7":{"start":{"line":40,"column":2},"end":{"line":40,"column":null}},"8":{"start":{"line":42,"column":20},"end":{"line":44,"column":null}},"9":{"start":{"line":89,"column":2},"end":{"line":89,"column":null}},"10":{"start":{"line":89,"column":28},"end":{"line":89,"column":37}},"11":{"start":{"line":99,"column":4},"end":{"line":99,"column":null}},"12":{"start":{"line":100,"column":22},"end":{"line":100,"column":null}},"13":{"start":{"line":101,"column":16},"end":{"line":103,"column":null}},"14":{"start":{"line":104,"column":17},"end":{"line":104,"column":null}},"15":{"start":{"line":105,"column":2},"end":{"line":112,"column":null}},"16":{"start":{"line":113,"column":2},"end":{"line":113,"column":null}},"17":{"start":{"line":116,"column":25},"end":{"line":116,"column":null}},"18":{"start":{"line":117,"column":32},"end":{"line":117,"column":null}},"19":{"start":{"line":118,"column":2},"end":{"line":130,"column":null}},"20":{"start":{"line":118,"column":18},"end":{"line":118,"column":21}},"21":{"start":{"line":119,"column":31},"end":{"line":119,"column":null}},"22":{"start":{"line":120,"column":4},"end":{"line":128,"column":null}},"23":{"start":{"line":120,"column":19},"end":{"line":120,"column":22}},"24":{"start":{"line":121,"column":6},"end":{"line":127,"column":null}},"25":{"start":{"line":129,"column":4},"end":{"line":129,"column":null}},"26":{"start":{"line":131,"column":2},"end":{"line":134,"column":null}},"27":{"start":{"line":140,"column":2},"end":{"line":145,"column":null}},"28":{"start":{"line":142,"column":25},"end":{"line":145,"column":6}},"29":{"start":{"line":161,"column":15},"end":{"line":161,"column":null}},"30":{"start":{"line":162,"column":18},"end":{"line":164,"column":null}},"31":{"start":{"line":163,"column":23},"end":{"line":163,"column":null}},"32":{"start":{"line":165,"column":38},"end":{"line":165,"column":null}},"33":{"start":{"line":166,"column":23},"end":{"line":168,"column":null}},"34":{"start":{"line":167,"column":16},"end":{"line":167,"column":null}},"35":{"start":{"line":169,"column":2},"end":{"line":174,"column":null}},"36":{"start":{"line":173,"column":4},"end":{"line":173,"column":null}},"37":{"start":{"line":175,"column":34},"end":{"line":175,"column":null}},"38":{"start":{"line":176,"column":42},"end":{"line":176,"column":null}},"39":{"start":{"line":177,"column":24},"end":{"line":177,"column":null}},"40":{"start":{"line":178,"column":2},"end":{"line":216,"column":null}},"41":{"start":{"line":179,"column":16},"end":{"line":179,"column":null}},"42":{"start":{"line":180,"column":4},"end":{"line":190,"column":null}},"43":{"start":{"line":180,"column":20},"end":{"line":180,"column":23}},"44":{"start":{"line":181,"column":21},"end":{"line":181,"column":null}},"45":{"start":{"line":183,"column":8},"end":{"line":185,"column":null}},"46":{"start":{"line":186,"column":6},"end":{"line":188,"column":null}},"47":{"start":{"line":187,"column":8},"end":{"line":187,"column":null}},"48":{"start":{"line":189,"column":6},"end":{"line":189,"column":null}},"49":{"start":{"line":191,"column":4},"end":{"line":197,"column":null}},"50":{"start":{"line":192,"column":6},"end":{"line":195,"column":null}},"51":{"start":{"line":193,"column":8},"end":{"line":193,"column":null}},"52":{"start":{"line":194,"column":8},"end":{"line":194,"column":null}},"53":{"start":{"line":196,"column":6},"end":{"line":196,"column":null}},"54":{"start":{"line":198,"column":24},"end":{"line":198,"column":null}},"55":{"start":{"line":200,"column":6},"end":{"line":200,"column":null}},"56":{"start":{"line":201,"column":33},"end":{"line":207,"column":null}},"57":{"start":{"line":208,"column":4},"end":{"line":215,"column":null}},"58":{"start":{"line":214,"column":6},"end":{"line":214,"column":null}},"59":{"start":{"line":217,"column":2},"end":{"line":237,"column":null}},"60":{"start":{"line":218,"column":25},"end":{"line":218,"column":null}},"61":{"start":{"line":220,"column":6},"end":{"line":222,"column":null}},"62":{"start":{"line":223,"column":4},"end":{"line":236,"column":null}},"63":{"start":{"line":238,"column":2},"end":{"line":255,"column":null}},"64":{"start":{"line":263,"column":28},"end":{"line":263,"column":null}},"65":{"start":{"line":264,"column":48},"end":{"line":264,"column":null}},"66":{"start":{"line":265,"column":2},"end":{"line":282,"column":null}},"67":{"start":{"line":268,"column":8},"end":{"line":272,"column":null}},"68":{"start":{"line":273,"column":6},"end":{"line":275,"column":null}},"69":{"start":{"line":276,"column":6},"end":{"line":280,"column":null}},"70":{"start":{"line":277,"column":8},"end":{"line":279,"column":null}},"71":{"start":{"line":283,"column":2},"end":{"line":286,"column":null}},"72":{"start":{"line":302,"column":8},"end":{"line":302,"column":null}},"73":{"start":{"line":304,"column":4},"end":{"line":311,"column":null}},"74":{"start":{"line":306,"column":8},"end":{"line":309,"column":null}},"75":{"start":{"line":308,"column":12},"end":{"line":308,"column":null}},"76":{"start":{"line":312,"column":33},"end":{"line":312,"column":null}},"77":{"start":{"line":313,"column":2},"end":{"line":325,"column":null}},"78":{"start":{"line":317,"column":6},"end":{"line":319,"column":null}},"79":{"start":{"line":320,"column":4},"end":{"line":320,"column":null}},"80":{"start":{"line":321,"column":4},"end":{"line":324,"column":null}},"81":{"start":{"line":326,"column":2},"end":{"line":329,"column":null}},"82":{"start":{"line":340,"column":2},"end":{"line":358,"column":null}},"83":{"start":{"line":342,"column":6},"end":{"line":347,"column":null}},"84":{"start":{"line":346,"column":10},"end":{"line":346,"column":null}},"85":{"start":{"line":348,"column":4},"end":{"line":357,"column":null}},"86":{"start":{"line":354,"column":14},"end":{"line":354,"column":null}},"87":{"start":{"line":378,"column":27},"end":{"line":378,"column":null}},"88":{"start":{"line":379,"column":32},"end":{"line":379,"column":null}},"89":{"start":{"line":380,"column":2},"end":{"line":411,"column":null}},"90":{"start":{"line":380,"column":18},"end":{"line":380,"column":21}},"91":{"start":{"line":382,"column":6},"end":{"line":385,"column":null}},"92":{"start":{"line":384,"column":10},"end":{"line":384,"column":null}},"93":{"start":{"line":386,"column":37},"end":{"line":386,"column":null}},"94":{"start":{"line":387,"column":4},"end":{"line":399,"column":null}},"95":{"start":{"line":388,"column":16},"end":{"line":388,"column":null}},"96":{"start":{"line":392,"column":6},"end":{"line":398,"column":null}},"97":{"start":{"line":401,"column":6},"end":{"line":406,"column":null}},"98":{"start":{"line":405,"column":10},"end":{"line":405,"column":null}},"99":{"start":{"line":407,"column":4},"end":{"line":410,"column":null}},"100":{"start":{"line":412,"column":2},"end":{"line":415,"column":null}},"101":{"start":{"line":420,"column":2},"end":{"line":424,"column":null}},"102":{"start":{"line":422,"column":6},"end":{"line":422,"column":null}},"103":{"start":{"line":437,"column":4},"end":{"line":437,"column":null}},"104":{"start":{"line":438,"column":2},"end":{"line":451,"column":null}},"105":{"start":{"line":478,"column":25},"end":{"line":492,"column":null}},"106":{"start":{"line":480,"column":6},"end":{"line":483,"column":null}},"107":{"start":{"line":480,"column":39},"end":{"line":483,"column":8}},"108":{"start":{"line":487,"column":8},"end":{"line":491,"column":null}},"109":{"start":{"line":489,"column":12},"end":{"line":490,"column":null}},"110":{"start":{"line":493,"column":18},"end":{"line":493,"column":null}},"111":{"start":{"line":494,"column":20},"end":{"line":494,"column":null}},"112":{"start":{"line":495,"column":17},"end":{"line":495,"column":null}},"113":{"start":{"line":496,"column":2},"end":{"line":502,"column":null}},"114":{"start":{"line":511,"column":4},"end":{"line":511,"column":null}},"115":{"start":{"line":512,"column":31},"end":{"line":512,"column":null}},"116":{"start":{"line":513,"column":42},"end":{"line":513,"column":null}},"117":{"start":{"line":514,"column":2},"end":{"line":586,"column":null}},"118":{"start":{"line":516,"column":6},"end":{"line":516,"column":null}},"119":{"start":{"line":517,"column":4},"end":{"line":521,"column":null}},"120":{"start":{"line":520,"column":6},"end":{"line":520,"column":null}},"121":{"start":{"line":523,"column":6},"end":{"line":525,"column":null}},"122":{"start":{"line":526,"column":4},"end":{"line":530,"column":null}},"123":{"start":{"line":532,"column":6},"end":{"line":553,"column":null}},"124":{"start":{"line":534,"column":10},"end":{"line":542,"column":null}},"125":{"start":{"line":535,"column":27},"end":{"line":541,"column":null}},"126":{"start":{"line":546,"column":12},"end":{"line":552,"column":null}},"127":{"start":{"line":548,"column":16},"end":{"line":551,"column":null}},"128":{"start":{"line":555,"column":6},"end":{"line":558,"column":null}},"129":{"start":{"line":560,"column":6},"end":{"line":562,"column":null}},"130":{"start":{"line":564,"column":6},"end":{"line":567,"column":null}},"131":{"start":{"line":568,"column":4},"end":{"line":568,"column":null}},"132":{"start":{"line":570,"column":6},"end":{"line":570,"column":null}},"133":{"start":{"line":571,"column":4},"end":{"line":585,"column":null}},"134":{"start":{"line":587,"column":2},"end":{"line":597,"column":null}},"135":{"start":{"line":593,"column":10},"end":{"line":593,"column":null}}},"fnMap":{"0":{"name":"buildReel","decl":{"start":{"line":29,"column":9},"end":{"line":29,"column":19}},"loc":{"start":{"line":29,"column":50},"end":{"line":41,"column":null}},"line":29},"1":{"name":"cloneGrid","decl":{"start":{"line":86,"column":9},"end":{"line":86,"column":null}},"loc":{"start":{"line":88,"column":12},"end":{"line":90,"column":null}},"line":88},"2":{"name":"(anonymous_2)","decl":{"start":{"line":89,"column":14},"end":{"line":89,"column":19}},"loc":{"start":{"line":89,"column":28},"end":{"line":89,"column":37}},"line":89},"3":{"name":"randomSymbol","decl":{"start":{"line":93,"column":9},"end":{"line":93,"column":null}},"loc":{"start":{"line":97,"column":12},"end":{"line":114,"column":null}},"line":97},"4":{"name":"generatePrimaryGrid","decl":{"start":{"line":115,"column":16},"end":{"line":115,"column":59}},"loc":{"start":{"line":115,"column":59},"end":{"line":135,"column":null}},"line":115},"5":{"name":"getWinningPositions","decl":{"start":{"line":136,"column":9},"end":{"line":136,"column":null}},"loc":{"start":{"line":139,"column":17},"end":{"line":146,"column":null}},"line":139},"6":{"name":"(anonymous_6)","decl":{"start":{"line":142,"column":5},"end":{"line":142,"column":10}},"loc":{"start":{"line":142,"column":25},"end":{"line":145,"column":6}},"line":142},"7":{"name":"evaluatePayline","decl":{"start":{"line":153,"column":9},"end":{"line":153,"column":null}},"loc":{"start":{"line":160,"column":2},"end":{"line":256,"column":null}},"line":160},"8":{"name":"(anonymous_8)","decl":{"start":{"line":162,"column":23},"end":{"line":162,"column":null}},"loc":{"start":{"line":163,"column":23},"end":{"line":163,"column":null}},"line":163},"9":{"name":"(anonymous_9)","decl":{"start":{"line":166,"column":31},"end":{"line":166,"column":null}},"loc":{"start":{"line":167,"column":16},"end":{"line":167,"column":null}},"line":167},"10":{"name":"evaluateWins","decl":{"start":{"line":257,"column":16},"end":{"line":257,"column":null}},"loc":{"start":{"line":262,"column":2},"end":{"line":287,"column":null}},"line":262},"11":{"name":"(anonymous_11)","decl":{"start":{"line":265,"column":11},"end":{"line":265,"column":null}},"loc":{"start":{"line":266,"column":24},"end":{"line":281,"column":null}},"line":266},"12":{"name":"removeWinningSymbols","decl":{"start":{"line":290,"column":9},"end":{"line":290,"column":null}},"loc":{"start":{"line":298,"column":2},"end":{"line":330,"column":null}},"line":298},"13":{"name":"(anonymous_13)","decl":{"start":{"line":305,"column":11},"end":{"line":305,"column":20}},"loc":{"start":{"line":306,"column":8},"end":{"line":309,"column":null}},"line":306},"14":{"name":"(anonymous_14)","decl":{"start":{"line":306,"column":22},"end":{"line":306,"column":null}},"loc":{"start":{"line":308,"column":12},"end":{"line":308,"column":null}},"line":308},"15":{"name":"collapseReels","decl":{"start":{"line":333,"column":9},"end":{"line":333,"column":null}},"loc":{"start":{"line":339,"column":2},"end":{"line":359,"column":null}},"line":339},"16":{"name":"(anonymous_16)","decl":{"start":{"line":340,"column":14},"end":{"line":340,"column":19}},"loc":{"start":{"line":340,"column":28},"end":{"line":358,"column":3}},"line":340},"17":{"name":"(anonymous_17)","decl":{"start":{"line":342,"column":11},"end":{"line":342,"column":null}},"loc":{"start":{"line":346,"column":10},"end":{"line":346,"column":null}},"line":346},"18":{"name":"(anonymous_18)","decl":{"start":{"line":353,"column":8},"end":{"line":353,"column":null}},"loc":{"start":{"line":354,"column":14},"end":{"line":354,"column":null}},"line":354},"19":{"name":"refillReels","decl":{"start":{"line":363,"column":9},"end":{"line":363,"column":null}},"loc":{"start":{"line":371,"column":2},"end":{"line":416,"column":null}},"line":371},"20":{"name":"(anonymous_20)","decl":{"start":{"line":382,"column":14},"end":{"line":382,"column":null}},"loc":{"start":{"line":384,"column":10},"end":{"line":384,"column":null}},"line":384},"21":{"name":"(anonymous_21)","decl":{"start":{"line":401,"column":17},"end":{"line":401,"column":null}},"loc":{"start":{"line":405,"column":10},"end":{"line":405,"column":null}},"line":405},"22":{"name":"calculateTotalPayoutMultiplier","decl":{"start":{"line":417,"column":9},"end":{"line":417,"column":null}},"loc":{"start":{"line":419,"column":10},"end":{"line":425,"column":null}},"line":419},"23":{"name":"(anonymous_23)","decl":{"start":{"line":420,"column":14},"end":{"line":420,"column":null}},"loc":{"start":{"line":422,"column":6},"end":{"line":422,"column":null}},"line":422},"24":{"name":"evaluatePrimaryGrid","decl":{"start":{"line":431,"column":16},"end":{"line":431,"column":null}},"loc":{"start":{"line":435,"column":2},"end":{"line":452,"column":null}},"line":435},"25":{"name":"resolveCascadeStep","decl":{"start":{"line":474,"column":16},"end":{"line":474,"column":null}},"loc":{"start":{"line":477,"column":21},"end":{"line":503,"column":null}},"line":477},"26":{"name":"(anonymous_26)","decl":{"start":{"line":479,"column":5},"end":{"line":479,"column":14}},"loc":{"start":{"line":480,"column":6},"end":{"line":483,"column":null}},"line":480},"27":{"name":"(anonymous_27)","decl":{"start":{"line":480,"column":20},"end":{"line":480,"column":25}},"loc":{"start":{"line":480,"column":39},"end":{"line":483,"column":8}},"line":480},"28":{"name":"(anonymous_28)","decl":{"start":{"line":485,"column":5},"end":{"line":485,"column":null}},"loc":{"start":{"line":487,"column":8},"end":{"line":491,"column":null}},"line":487},"29":{"name":"(anonymous_29)","decl":{"start":{"line":487,"column":16},"end":{"line":487,"column":null}},"loc":{"start":{"line":489,"column":12},"end":{"line":490,"column":null}},"line":489},"30":{"name":"resolveCascades","decl":{"start":{"line":507,"column":16},"end":{"line":507,"column":null}},"loc":{"start":{"line":509,"column":17},"end":{"line":598,"column":null}},"line":509},"31":{"name":"(anonymous_31)","decl":{"start":{"line":533,"column":9},"end":{"line":533,"column":18}},"loc":{"start":{"line":534,"column":10},"end":{"line":542,"column":null}},"line":534},"32":{"name":"(anonymous_32)","decl":{"start":{"line":534,"column":24},"end":{"line":534,"column":null}},"loc":{"start":{"line":535,"column":27},"end":{"line":541,"column":null}},"line":535},"33":{"name":"(anonymous_33)","decl":{"start":{"line":544,"column":9},"end":{"line":544,"column":null}},"loc":{"start":{"line":546,"column":12},"end":{"line":552,"column":null}},"line":546},"34":{"name":"(anonymous_34)","decl":{"start":{"line":546,"column":16},"end":{"line":546,"column":null}},"loc":{"start":{"line":548,"column":16},"end":{"line":551,"column":null}},"line":548},"35":{"name":"(anonymous_35)","decl":{"start":{"line":591,"column":12},"end":{"line":591,"column":null}},"loc":{"start":{"line":593,"column":10},"end":{"line":593,"column":null}},"line":593}},"branchMap":{"0":{"loc":{"start":{"line":169,"column":2},"end":{"line":174,"column":null}},"type":"if","locations":[{"start":{"line":169,"column":2},"end":{"line":174,"column":null}},{"start":{},"end":{}}],"line":169},"1":{"loc":{"start":{"line":170,"column":4},"end":{"line":171,"column":null}},"type":"binary-expr","locations":[{"start":{"line":170,"column":4},"end":{"line":170,"column":null}},{"start":{"line":171,"column":4},"end":{"line":171,"column":null}}],"line":170},"2":{"loc":{"start":{"line":183,"column":8},"end":{"line":185,"column":null}},"type":"cond-expr","locations":[{"start":{"line":184,"column":12},"end":{"line":184,"column":null}},{"start":{"line":185,"column":12},"end":{"line":185,"column":null}}],"line":183},"3":{"loc":{"start":{"line":185,"column":12},"end":{"line":185,"column":null}},"type":"binary-expr","locations":[{"start":{"line":185,"column":12},"end":{"line":185,"column":39}},{"start":{"line":185,"column":39},"end":{"line":185,"column":null}}],"line":185},"4":{"loc":{"start":{"line":186,"column":6},"end":{"line":188,"column":null}},"type":"if","locations":[{"start":{"line":186,"column":6},"end":{"line":188,"column":null}},{"start":{},"end":{}}],"line":186},"5":{"loc":{"start":{"line":191,"column":4},"end":{"line":197,"column":null}},"type":"if","locations":[{"start":{"line":191,"column":4},"end":{"line":197,"column":null}},{"start":{},"end":{}}],"line":191},"6":{"loc":{"start":{"line":192,"column":6},"end":{"line":195,"column":null}},"type":"if","locations":[{"start":{"line":192,"column":6},"end":{"line":195,"column":null}},{"start":{},"end":{}}],"line":192},"7":{"loc":{"start":{"line":208,"column":4},"end":{"line":215,"column":null}},"type":"if","locations":[{"start":{"line":208,"column":4},"end":{"line":215,"column":null}},{"start":{},"end":{}}],"line":208},"8":{"loc":{"start":{"line":209,"column":6},"end":{"line":212,"column":null}},"type":"binary-expr","locations":[{"start":{"line":209,"column":6},"end":{"line":209,"column":null}},{"start":{"line":210,"column":6},"end":{"line":210,"column":null}},{"start":{"line":211,"column":7},"end":{"line":211,"column":null}},{"start":{"line":212,"column":8},"end":{"line":212,"column":null}}],"line":209},"9":{"loc":{"start":{"line":217,"column":2},"end":{"line":237,"column":null}},"type":"if","locations":[{"start":{"line":217,"column":2},"end":{"line":237,"column":null}},{"start":{},"end":{}}],"line":217},"10":{"loc":{"start":{"line":220,"column":6},"end":{"line":222,"column":null}},"type":"cond-expr","locations":[{"start":{"line":221,"column":10},"end":{"line":221,"column":null}},{"start":{"line":222,"column":10},"end":{"line":222,"column":null}}],"line":220},"11":{"loc":{"start":{"line":249,"column":8},"end":{"line":251,"column":null}},"type":"cond-expr","locations":[{"start":{"line":250,"column":12},"end":{"line":250,"column":null}},{"start":{"line":251,"column":12},"end":{"line":251,"column":null}}],"line":249},"12":{"loc":{"start":{"line":276,"column":6},"end":{"line":280,"column":null}},"type":"if","locations":[{"start":{"line":276,"column":6},"end":{"line":280,"column":null}},{"start":{},"end":{}}],"line":276},"13":{"loc":{"start":{"line":489,"column":12},"end":{"line":490,"column":null}},"type":"binary-expr","locations":[{"start":{"line":489,"column":12},"end":{"line":489,"column":null}},{"start":{"line":490,"column":12},"end":{"line":490,"column":null}}],"line":489},"14":{"loc":{"start":{"line":517,"column":4},"end":{"line":521,"column":null}},"type":"if","locations":[{"start":{"line":517,"column":4},"end":{"line":521,"column":null}},{"start":{},"end":{}}],"line":517},"15":{"loc":{"start":{"line":548,"column":16},"end":{"line":551,"column":null}},"type":"binary-expr","locations":[{"start":{"line":548,"column":16},"end":{"line":549,"column":null}},{"start":{"line":550,"column":16},"end":{"line":551,"column":null}}],"line":548}},"s":{"0":1,"1":5,"2":5,"3":55,"4":55,"5":55,"6":320,"7":5,"8":1,"9":8,"10":40,"11":33,"12":33,"13":33,"14":33,"15":33,"16":33,"17":1,"18":1,"19":1,"20":1,"21":5,"22":5,"23":5,"24":15,"25":5,"26":1,"27":249,"28":1231,"29":230,"30":230,"31":1150,"32":230,"33":230,"34":280,"35":230,"36":61,"37":230,"38":230,"39":230,"40":230,"41":291,"42":291,"43":291,"44":457,"45":457,"46":457,"47":281,"48":176,"49":291,"50":272,"51":272,"52":272,"53":272,"54":19,"55":19,"56":19,"57":19,"58":18,"59":230,"60":214,"61":214,"62":214,"63":16,"64":23,"65":23,"66":23,"67":230,"68":230,"69":230,"70":16,"71":23,"72":4,"73":4,"74":5,"75":21,"76":4,"77":4,"78":18,"79":18,"80":18,"81":4,"82":4,"83":20,"84":60,"85":20,"86":18,"87":4,"88":4,"89":4,"90":4,"91":20,"92":90,"93":20,"94":20,"95":20,"96":18,"97":20,"98":60,"99":20,"100":20,"101":4,"102":3,"103":3,"104":3,"105":3,"106":4,"107":16,"108":16,"109":42,"110":3,"111":3,"112":3,"113":3,"114":2,"115":2,"116":2,"117":2,"118":3,"119":3,"120":2,"121":1,"122":1,"123":1,"124":1,"125":5,"126":5,"127":15,"128":1,"129":1,"130":1,"131":1,"132":1,"133":1,"134":2,"135":1},"f":{"0":5,"1":8,"2":40,"3":33,"4":1,"5":249,"6":1231,"7":230,"8":1150,"9":280,"10":23,"11":230,"12":4,"13":5,"14":21,"15":4,"16":20,"17":60,"18":18,"19":4,"20":90,"21":60,"22":4,"23":3,"24":3,"25":3,"26":4,"27":16,"28":16,"29":42,"30":2,"31":1,"32":5,"33":5,"34":15,"35":1},"b":{"0":[61,169],"1":[230,229],"2":[280,177],"3":[177,67],"4":[281,176],"5":[272,19],"6":[272,0],"7":[18,1],"8":[19,3,2,1],"9":[214,16],"10":[214,0],"11":[6,10],"12":[16,214],"13":[42,16],"14":[2,1],"15":[15,5]},"meta":{"lastBranch":16,"lastFunction":36,"lastStatement":136,"seen":{"s:13:49:25:Infinity":0,"f:29:9:29:19":0,"s:30:28:30:Infinity":1,"s:31:2:39:Infinity":2,"s:35:6:35:Infinity":3,"s:36:4:38:Infinity":4,"s:36:17:36:20":5,"s:37:6:37:Infinity":6,"s:40:2:40:Infinity":7,"s:42:20:44:Infinity":8,"f:86:9:86:Infinity":1,"s:89:2:89:Infinity":9,"f:89:14:89:19":2,"s:89:28:89:37":10,"f:93:9:93:Infinity":3,"s:99:4:99:Infinity":11,"s:100:22:100:Infinity":12,"s:101:16:103:Infinity":13,"s:104:17:104:Infinity":14,"s:105:2:112:Infinity":15,"s:113:2:113:Infinity":16,"f:115:16:115:59":4,"s:116:25:116:Infinity":17,"s:117:32:117:Infinity":18,"s:118:2:130:Infinity":19,"s:118:18:118:21":20,"s:119:31:119:Infinity":21,"s:120:4:128:Infinity":22,"s:120:19:120:22":23,"s:121:6:127:Infinity":24,"s:129:4:129:Infinity":25,"s:131:2:134:Infinity":26,"f:136:9:136:Infinity":5,"s:140:2:145:Infinity":27,"f:142:5:142:10":6,"s:142:25:145:6":28,"f:153:9:153:Infinity":7,"s:161:15:161:Infinity":29,"s:162:18:164:Infinity":30,"f:162:23:162:Infinity":8,"s:163:23:163:Infinity":31,"s:165:38:165:Infinity":32,"s:166:23:168:Infinity":33,"f:166:31:166:Infinity":9,"s:167:16:167:Infinity":34,"b:169:2:174:Infinity:undefined:undefined:undefined:undefined":0,"s:169:2:174:Infinity":35,"b:170:4:170:Infinity:171:4:171:Infinity":1,"s:173:4:173:Infinity":36,"s:175:34:175:Infinity":37,"s:176:42:176:Infinity":38,"s:177:24:177:Infinity":39,"s:178:2:216:Infinity":40,"s:179:16:179:Infinity":41,"s:180:4:190:Infinity":42,"s:180:20:180:23":43,"s:181:21:181:Infinity":44,"s:183:8:185:Infinity":45,"b:184:12:184:Infinity:185:12:185:Infinity":2,"b:185:12:185:39:1
[...]
,"C:\\Users\\sub.zero\\Desktop\\graveyard-shift\\src\\presentation\\DevReceipt.ts": {"path":"C:\\Users\\sub.zero\\Desktop\\graveyard-shift\\src\\presentation\\DevReceipt.ts","statementMap":{"0":{"start":{"line":11,"column":26},"end":{"line":11,"column":null}},"1":{"start":{"line":14,"column":37},"end":{"line":14,"column":null}},"2":{"start":{"line":15,"column":21},"end":{"line":15,"column":null}},"3":{"start":{"line":17,"column":4},"end":{"line":17,"column":null}},"4":{"start":{"line":18,"column":4},"end":{"line":18,"column":null}},"5":{"start":{"line":19,"column":4},"end":{"line":44,"column":null}},"6":{"start":{"line":45,"column":4},"end":{"line":48,"column":null}},"7":{"start":{"line":49,"column":4},"end":{"line":49,"column":null}},"8":{"start":{"line":50,"column":4},"end":{"line":50,"column":null}},"9":{"start":{"line":53,"column":4},"end":{"line":53,"column":null}},"10":{"start":{"line":56,"column":4},"end":{"line":56,"column":null}},"11":{"start":{"line":57,"column":4},"end":{"line":57,"column":null}},"12":{"start":{"line":58,"column":4},"end":{"line":58,"column":null}},"13":{"start":{"line":61,"column":4},"end":{"line":61,"column":null}},"14":{"start":{"line":67,"column":19},"end":{"line":69,"column":null}},"15":{"start":{"line":70,"column":4},"end":{"line":76,"column":null}},"16":{"start":{"line":73,"column":20},"end":{"line":73,"column":null}},"17":{"start":{"line":77,"column":4},"end":{"line":77,"column":null}},"18":{"start":{"line":85,"column":4},"end":{"line":93,"column":null}},"19":{"start":{"line":98,"column":4},"end":{"line":101,"column":null}},"20":{"start":{"line":106,"column":4},"end":{"line":118,"column":null}},"21":{"start":{"line":107,"column":6},"end":{"line":117,"column":null}},"22":{"start":{"line":123,"column":4},"end":{"line":128,"column":null}},"23":{"start":{"line":129,"column":4},"end":{"line":131,"column":null}},"24":{"start":{"line":130,"column":6},"end":{"line":130,"column":null}},"25":{"start":{"line":132,"column":4},"end":{"line":140,"column":null}},"26":{"start":{"line":136,"column":26},"end":{"line":136,"column":null}},"27":{"start":{"line":145,"column":20},"end":{"line":149,"column":null}},"28":{"start":{"line":147,"column":20},"end":{"line":147,"column":null}},"29":{"start":{"line":150,"column":17},"end":{"line":155,"column":null}},"30":{"start":{"line":153,"column":10},"end":{"line":153,"column":null}},"31":{"start":{"line":156,"column":20},"end":{"line":166,"column":null}},"32":{"start":{"line":167,"column":4},"end":{"line":171,"column":null}},"33":{"start":{"line":168,"column":6},"end":{"line":170,"column":null}},"34":{"start":{"line":172,"column":4},"end":{"line":174,"column":null}},"35":{"start":{"line":175,"column":4},"end":{"line":179,"column":null}},"36":{"start":{"line":176,"column":6},"end":{"line":178,"column":null}},"37":{"start":{"line":180,"column":4},"end":{"line":183,"column":null}},"38":{"start":{"line":189,"column":4},"end":{"line":207,"column":null}},"39":{"start":{"line":190,"column":18},"end":{"line":190,"column":null}},"40":{"start":{"line":194,"column":18},"end":{"line":194,"column":null}},"41":{"start":{"line":195,"column":6},"end":{"line":206,"column":null}},"42":{"start":{"line":210,"column":4},"end":{"line":210,"column":null}},"43":{"start":{"line":218,"column":4},"end":{"line":223,"column":null}},"44":{"start":{"line":221,"column":10},"end":{"line":221,"column":null}},"45":{"start":{"line":226,"column":4},"end":{"line":226,"column":null}},"46":{"start":{"line":229,"column":4},"end":{"line":231,"column":null}},"47":{"start":{"line":234,"column":4},"end":{"line":234,"column":null}},"48":{"start":{"line":239,"column":4},"end":{"line":242,"column":null}},"49":{"start":{"line":252,"column":4},"end":{"line":263,"column":null}},"50":{"start":{"line":268,"column":4},"end":{"line":274,"column":null}},"51":{"start":{"line":280,"column":4},"end":{"line":286,"column":null}},"52":{"start":{"line":291,"column":4},"end":{"line":296,"column":null}},"53":{"start":{"line":299,"column":4},"end":{"line":299,"column":null}},"54":{"start":{"line":302,"column":4},"end":{"line":303,"column":null}},"55":{"start":{"line":304,"column":4},"end":{"line":305,"column":null}},"56":{"start":{"line":310,"column":4},"end":{"line":310,"column":null}},"57":{"start":{"line":315,"column":4},"end":{"line":320,"column":null}},"58":{"start":{"line":318,"column":10},"end":{"line":318,"column":null}},"59":{"start":{"line":325,"column":27},"end":{"line":325,"column":null}},"60":{"start":{"line":326,"column":4},"end":{"line":338,"column":null}},"61":{"start":{"line":326,"column":19},"end":{"line":326,"column":22}},"62":{"start":{"line":327,"column":32},"end":{"line":327,"column":null}},"63":{"start":{"line":328,"column":6},"end":{"line":334,"column":null}},"64":{"start":{"line":328,"column":22},"end":{"line":328,"column":25}},"65":{"start":{"line":329,"column":8},"end":{"line":333,"column":null}},"66":{"start":{"line":335,"column":6},"end":{"line":337,"column":null}},"67":{"start":{"line":339,"column":4},"end":{"line":339,"column":null}},"68":{"start":{"line":344,"column":27},"end":{"line":344,"column":null}},"69":{"start":{"line":345,"column":4},"end":{"line":358,"column":null}},"70":{"start":{"line":345,"column":19},"end":{"line":345,"column":22}},"71":{"start":{"line":346,"column":32},"end":{"line":346,"column":null}},"72":{"start":{"line":347,"column":6},"end":{"line":354,"column":null}},"73":{"start":{"line":347,"column":22},"end":{"line":347,"column":25}},"74":{"start":{"line":348,"column":23},"end":{"line":348,"column":null}},"75":{"start":{"line":349,"column":8},"end":{"line":353,"column":null}},"76":{"start":{"line":355,"column":6},"end":{"line":357,"column":null}},"77":{"start":{"line":359,"column":4},"end":{"line":359,"column":null}}},"fnMap":{"0":{"name":"constructor","decl":{"start":{"line":16,"column":2},"end":{"line":16,"column":14}},"loc":{"start":{"line":16,"column":34},"end":{"line":51,"column":null}},"line":16},"1":{"name":"setVisible","decl":{"start":{"line":52,"column":2},"end":{"line":52,"column":13}},"loc":{"start":{"line":52,"column":37},"end":{"line":54,"column":null}},"line":52},"2":{"name":"clear","decl":{"start":{"line":55,"column":2},"end":{"line":55,"column":16}},"loc":{"start":{"line":55,"column":16},"end":{"line":59,"column":null}},"line":55},"3":{"name":"blur","decl":{"start":{"line":60,"column":2},"end":{"line":60,"column":15}},"loc":{"start":{"line":60,"column":15},"end":{"line":62,"column":null}},"line":60},"4":{"name":"event","decl":{"start":{"line":63,"column":2},"end":{"line":63,"column":null}},"loc":{"start":{"line":66,"column":10},"end":{"line":78,"column":null}},"line":66},"5":{"name":"(anonymous_5)","decl":{"start":{"line":72,"column":17},"end":{"line":72,"column":null}},"loc":{"start":{"line":73,"column":20},"end":{"line":73,"column":null}},"line":73},"6":{"name":"spinStart","decl":{"start":{"line":79,"column":2},"end":{"line":79,"column":null}},"loc":{"start":{"line":84,"column":10},"end":{"line":94,"column":null}},"line":84},"7":{"name":"primaryGrid","decl":{"start":{"line":95,"column":2},"end":{"line":95,"column":null}},"loc":{"start":{"line":97,"column":10},"end":{"line":102,"column":null}},"line":97},"8":{"name":"rngDraws","decl":{"start":{"line":103,"column":2},"end":{"line":103,"column":null}},"loc":{"start":{"line":105,"column":10},"end":{"line":119,"column":null}},"line":105},"9":{"name":"evaluation","decl":{"start":{"line":120,"column":2},"end":{"line":120,"column":null}},"loc":{"start":{"line":122,"column":10},"end":{"line":141,"column":null}},"line":122},"10":{"name":"(anonymous_10)","decl":{"start":{"line":135,"column":40},"end":{"line":135,"column":null}},"loc":{"start":{"line":136,"column":26},"end":{"line":136,"column":null}},"line":136},"11":{"name":"paylineEvaluation","decl":{"start":{"line":142,"column":2},"end":{"line":142,"column":10}},"loc":{"start":{"line":144,"column":10},"end":{"line":184,"column":null}},"line":144},"12":{"name":"(anonymous_12)","decl":{"start":{"line":146,"column":7},"end":{"line":146,"column":null}},"loc":{"start":{"line":147,"column":20},"end":{"line":147,"column":null}},"line":147},"13":{"name":"(anonymous_13)","decl":{"start":{"line":151,"column":7},"end":{"line":151,"column":null}},"loc":{"start":{"line":153,"column":10},"end":{"line":153,"column":null}},"line":153},"14":{"name":"winResult","decl":{"start":{"line":185,"column":2},"end":{"line":185,"column":null}},"loc":{"start":{"line":188,"column":10},"end":{"line":208,"column":null}},"line":188},"15":{"name":"cascadeStart","decl":{"start":{"line":209,"column":2},"end":{"line":209,"column":15}},"loc":{"start":{"line":209,"column":36},"end":{"line":211,"column":null}},"line":209},"16":{"name":"winningPositionsRemoved","decl":{"start":{"line":212,"column":2},"end":{"line":212,"column":null}},"loc":{"start":{"line":217,"column":10},"end":{"line":224,"column":null}},"line":217},"17":{"name":"(anonymous_17)","decl":{"start":{"line":219,"column":24},"end":{"line":219,"column":null}},"loc":{"start":{"line":221,"column":10},"end":{"line":221,"column":null}},"line":221},"18":{"name":"gridAfterCollapse","decl":{"start":{"line":225,"column":2},"end":{"line":225,"column":20}},"loc":{"start":{"line":225,"column":63},"end":{"line":227,"column":null}},"line":225},"19":{"name":"refill","decl":{"start":{"line":228,"column":2},"end":{"line":228,"column":9}},"loc":{"start":{"line":228,"column":38},"end":{"line":232,"column":null}},"line":228},"20":{"name":"cascadeGrid","decl":{"start":{"line":233,"column":2},"end":{"line":233,"column":14}},"loc":{"start":{"line":233,"column":36},"end":{"line":235,"column":null}},"line":233},"21":{"name":"finalGrid","decl":{"start":{"line":236,"column":2},"end":{"line":236,"column":null}},"loc":{"start":{"line":238,"column":10},"end":{"line":243,"column":null}},"line":238},"22":{"name":"finalResult","decl":{"start":{"line":244,"column":2},"end":{"line":244,"column":null}},"loc":{"start":{"line":251,"column":10},"end":{"line":264,"column":null}},"line":251},"23":{"name":"afterMidnight","decl":{"start":{"line":265,"column":2},"end":{"line":265,"column":null}},"loc":{"start":{"line":267,"column":10},"end":{"line":275,"column":null}},"line":267},"24":{"name":"pick","decl":{"start":{"line":276,"column":2},"end":{"line":276,"column":null}},"loc":{"start":{"line":279,"column":10},"end":{"line":287,"column":null}},"line":279},"25":{"name":"nextSpin","decl":{"start":{"line":288,"column":2},"end":{"line":288,"column":null}},"loc":{"start":{"line":290,"column":10},"end":{"line":297,"column":null}},"line":290},"26":{"name":"formatMoney","decl":{"start":{"line":298,"column":2},"end":{"line":298,"column":10}},"loc":{"start":{"line":298,"column":46},"end":{"line":300,"column":null}},"line":298},"27":{"name":"render","decl":{"start":{"line":301,"column":2},"end":{"line":301,"column":10}},"loc":{"start":{"line":301,"column":25},"end":{"line":306,"column":null}},"line":301},"28":{"name":"formatPosition","decl":{"start":{"line":307,"column":2},"end":{"line":307,"column":10}},"loc":{"start":{"line":309,"column":12},"end":{"line":311,"column":null}},"line":309},"29":{"name":"formatPositions","decl":{"start":{"line":312,"column":2},"end":{"line":312,"column":10}},"loc":{"start":{"line":314,"column":12},"end":{"line":321,"column":null}},"line":314},"30":{"name":"(anonymous_30)","decl":{"start":{"line":316,"column":7},"end":{"line":316,"column":null}},"loc":{"start":{"line":318,"column":10},"end":{"line":318,"column":null}},"line":318},"31":{"name":"formatGridLines","decl":{"start":{"line":322,"column":2},"end":{"line":322,"column":10}},"loc":{"start":{"line":324,"column":14},"end":{"line":340,"column":null}},"line":324},"32":{"name":"formatNullableGridLines","decl":{"start":{"line":341,"column":2},"end":{"line":341,"column":10}},"loc":{"start":{"line":343,"column":14},"end":{"line":360,"column":null}},"line":343}},"branchMap":{"0":{"loc":{"start":{"line":20,"column":16},"end":{"line":20,"column":null}},"type":"cond-expr","locations":[{"start":{"line":20,"column":23},"end":{"line":20,"column":36}},{"start":{"line":20,"column":36},"end":{"line":20,"column":null}}],"line":20},"1":{"loc":{"start":{"line":21,"column":13},"end":{"line":21,"column":null}},"type":"cond-expr","locations":[{"start":{"line":21,"column":20},"end":{"line":21,"column":26}},{"start":{"line":21,"column":26},"end":{"line":21,"column":null}}],"line":21},"2":{"loc":{"start":{"line":22,"column":12},"end":{"line":22,"column":null}},"type":"cond-expr","locations":[{"start":{"line":22,"column":19},"end":{"line":22,"column":25}},{"start":{"line":22,"column":25},"end":{"line":22,"column":null}}],"line":22},"3":{"loc":{"start":{"line":23,"column":11},"end":{"line":23,"column":null}},"type":"cond-expr","locations":[{"start":{"line":23,"column":18},"end":{"line":23,"column":24}},{"start":{"line":23,"column":24},"end":{"line":23,"column":null}}],"line":23},"4":{"loc":{"start":{"line":24,"column":13},"end":{"line":24,"column":null}},"type":"cond-expr","locations":[{"start":{"line":24,"column":20},"end":{"line":24,"column":29}},{"start":{"line":24,"column":29},"end":{"line":24,"column":null}}],"line":24},"5":{"loc":{"start":{"line":25,"column":14},"end":{"line":25,"column":null}},"type":"cond-expr","locations":[{"start":{"line":25,"column":21},"end":{"line":25,"column":30}},{"start":{"line":25,"column":30},"end":{"line":25,"column":null}}],"line":25},"6":{"loc":{"start":{"line":30,"column":14},"end":{"line":30,"column":null}},"type":"cond-expr","locations":[{"start":{"line":30,"column":21},"end":{"line":30,"column":43}},{"start":{"line":30,"column":43},"end":{"line":30,"column":null}}],"line":30},"7":{"loc":{"start":{"line":49,"column":5},"end":{"line":49,"column":26}},"type":"binary-expr","locations":[{"start":{"line":49,"column":5},"end":{"line":49,"column":13}},{"start":{"line":49,"column":13},"end":{"line":49,"column":26}}],"line":49},"8":{"loc":{"start":{"line":53,"column":33},"end":{"line":53,"column":null}},"type":"cond-expr","locations":[{"start":{"line":53,"column":43},"end":{"line":53,"column":53}},{"start":{"line":53,"column":53},"end":{"line":53,"column":null}}],"line":53},"9":{"loc":{"start":{"line":65,"column":4},"end":{"line":65,"column":null}},"type":"default-arg","locations":[{"start":{"line":65,"column":24},"end":{"line":65,"column":null}}],"line":65},"10":{"loc":{"start":{"line":160,"column":20},"end":{"line":162,"column":null}},"type":"cond-expr","locations":[{"start":{"line":161,"column":10},"end":{"line":161,"column":null}},{"start":{"line":162,"column":10},"end":{"line":162,"column":null}}],"line":160},"11":{"loc":{"start":{"line":167,"column":4},"end":{"line":171,"column":null}},"type":"if","locations":[{"start":{"line":167,"column":4},"end":{"line":171,"column":null}},{"start":{},"end":{}}],"line":167},"12":{"loc":{"start":{"line":175,"column":4},"end":{"line":179,"column":null}},"type":"if","locations":[{"start":{"line":175,"column":4},"end":{"line":179,"column":null}},{"start":{},"end":{}}],"line":175},"13":{"loc":{"start":{"line":350,"column":11},"end":{"line":350,"column":28}},"type":"binary-expr","locations":[{"start":{"line":350,"column":11},"end":{"line":350,"column":21}},{"start":{"line":350,"column":21},"end":{"line":350,"column":28}}],"line":350}},"s":{"0":1,"1":4,"2":4,"3":4,"4":4,"5":4,"6":4,"7":4,"8":4,"9":0,"10":0,"11":0,"12":0,"13":0,"14":6,"15":6,"16":30,"17":6,"18":0,"19":0,"20":0,"21":0,"22":1,"23":1,"24":1,"25":1,"26":1,"27":1,"28":5,"29":1,"30":5,"31":1,"32":1,"33":1,"34":1,"35":1,"36":1,"37":1,"38":2,"39":2,"40":2,"41":2,"42":0,"43":0,"44":0,"45":0,"46":0,"47":0,"48":0,"49":1,"50":0,"51":0,"52":0,"53":7,"54":10,"55":10,"56":6,"57":2,"58":6,"59":0,"60":0,"61":0,"62":0,"63":0,"64":0,"65":0,"66":0,"67":0,"68":0,"69":0,"70":0,"71":0,"72":0,"73":0,"74":0,"75":0,"76":0,"77":0},"f":{"0":4,"1":0,"2":0,"3":0,"4":6,"5":30,"6":0,"7":0,"8":0,"9":1,"10":1,"11":1,"12":5,"13":5,"14":2,"15":0,"16":0,"17":0,"18":0,"19":0,"20":0,"21":0,"22":1,"23":0,"24":0,"25":0,"26":7,"27":10,"28":6,"29":2,"30":6,"31":0,"32":0},"b":{"0":[0,4],"1":[0,4],"2":[0,4],"3":[0,4],"4":[0,4],"5":[0,4],"6":[0,4],"7":[4,4],"8":[0,0],"9":[6],"10":[1,0],"11":[1,0],"12":[1,0],"13":[0,0]},"meta":{"lastBranch":14,"lastFunction":33,"lastStatement":78,"seen":{"s:11:26:11:Infinity":0,"s:14:37:14:Infinity":1,"s:15:21:15:Infinity":2,"f:16:2:16:14":0,"s:17:4:17:Infinity":3,"s:18:4:18:Infinity":4,"s:19:4:44:Infinity":5,"b:20:23:20:36:20:36:20:Infinity":0,"b:21:20:21:26:21:26:21:Infinity":1,"b:22:19:22:25:22:25:22:Infinity":2,"b:23:18:23:24:23:24:23:Infinity":3,"b:24:20:24:29:24:29:24:Infinity":4,"b:25:21:25:30:25:30:25:Infinity":5,"b:30:21:30:43:30:43:30:Infinity":6,"s:45:4:48:Infinity":6,"s:49:4:49:Infinity":7,"b:49:5:49:13:49:13:49:26":7,"s:50:4:50:Infinity":8,"f:52:2:52:13":1,"s:53:4:53:Infinity":9,"b:53:43:53:53:53:53:53:Infinity":8,"f:55:2:55:16":2,"s:56:4:56:Infinity":10,"s:57:4:57:Infinity":11,"s:58:4:58:Infinity":12,"f:60:2:60:15":3,"s:61:4:61:Infinity":13,"f:63:2:63:Infinity":4,"b:65:24:65:Infinity":9,"s:67:19:69:Infinity":14,"s:70:4:76:Infinity":15,"f:72:17:72:Infinity":5,"s:73:20:73:Infinity":16,"s:77:4:77:Infinity":17,"f:79:2:79:Infinity":6,"s:85:4:93:Infinity":18,"f:95:2:95:Infinity":7,"s:98:4:101:Infinity":19,"f:103:2:103:Infinity":8,"s:106:4:118:Infinity":20,"s:107:6:117:Infinity":21,"f:120:2:120:Infinity":9,"s:123:4:128:Infinity":22,"s:129:4:131:Infinity":23,"s:130:6:130:Infinity":24,"s:132:4:140:Infinity":25,"f:135:40:135:Infinity":10,"s:136:26:136:Infinity":26,"f:142:2:142:10":11,"s:145:20:149:Infinity":27,"f:146:7:146:Infinity":12,"s:147:20:147:Infinity":28,"s:150:17:155:Infinity":29,"f:151:7:151:Infinity":13,"s:153:10:153:Infinity":30,"s:156:20:166:Infinity":31,"b:161:10:161:Infinity:162:10:162:Infinity":10,"b:167:4:171:Infinity:undefined:undefined:undefined:undefined":11,"s:167:4:171:Infinity":32,"s:168:6:170:Infinity":33,"s:172:4:174:Infinity":34,"b:175:4:179:Infinity:undefined:undefined:undefined:undefined":12,"s:175:4:179:Infinity":35,"s:176:6:178:Infinity":36,"s:180:4:183:Infinity":37,"f:185:2:185:Infinity":14,"s:189:4:207:Infinity":38,"s:190:18:190:Infinity":39,"s:194:18:194:Infinity":40,"s:195:6:206:Infinity":41,"f:209:2:209:15":15,"s:210:4:210:Infinity":42,"f:212:2:212:Infinity":16,"s:218:4:223:Infinity":43,"f:219:24:219:Infinity":17,"s:221:10:221:Infinity":44,"f:225:2:225:20":18,"s:226:4:226:Infinity":45,"f:228:2:228:9":19,"s:229:4:231:Infinity":46,"f:233:2:233:14":20,"s:234:4:234:Infinity":47,"f:236:2:236:Infinity":21,"s:239:4:242:Infinity":48,"f:244:2:244:Infinity":22,"s:252:4:263:Infinity":49,"f:265:2:265:Infinity":23,"s:268:4:274:Infinity":50,"f:276:2:276:Infinity":24,"s:280:4:286:Infinity":51,"f:288:2:288:Infinity":25,"s:291:4:296:Infinity":52,"f:298:2:298:10":26,"s:299:4:299:Infinity":53,"f:301:2:301:10":27,"s:302:4:303:Infinity":54,"s:304:4:305:Infinity":55,"f:307:2:307:10":28,"s:310:4:310:Infinity":56,"f:312:2:312:10":29,"s:315:4:320:Infinity":57,"f:316:7:316:Infinity":30,"s:318:10:318:Infinity":58,"f:322:2:322:10":31,"s:325:27:325:Infinity":59,"s:326:4:338:Infinity":60,"s:326:19:326:22":61,"s:327:32:327:Infinity":62,"s:328:6:334:Infinity":63,"s:328:22:328:25":64,"s:329:8:333:Infinity":65,"s:335:6:337:Infinity":66,"s:339:4:339:Infinity":67,"f:341:2:341:10":32,"s:344:27:344:Infinity":68,"s:345:4:358:Infinity":69,"s:345:19:345:22":70,"s:346:32:346:Infinity":71,"s:347:6:354:Infinity":72,"s:347:22:347:25":73,"s:348:23:348:Infinity":74,"s:349:8:353:Infinity":75,"b:350:11:350:21:350:21:350:28":13,"s:355:6:357:Infinity":76,"s:359:4:359:Infinity":77},"fnNames":{}}}
}
