{"C:\\Users\\sub.zero\\Desktop\\graveyard-shift\\src\\features\\AfterMidnight.ts": {"path":"C:\\Users\\sub.zero\\Desktop\\graveyard-shift\\src\\features\\AfterMidnight.ts","statementMap":{"0":{"start":{"line":5,"column":29},"end":{"line":5,"column":null}},"1":{"start":{"line":6,"column":27},"end":{"line":6,"column":null}},"2":{"start":{"line":9,"column":15},"end":{"line":9,"column":null}},"3":{"start":{"line":10,"column":25},"end":{"line":10,"column":null}},"4":{"start":{"line":12,"column":2},"end":{"line":17,"column":null}},"5":{"start":{"line":12,"column":15},"end":{"line":12,"column":18}},"6":{"start":{"line":13,"column":4},"end":{"line":13,"column":null}},"7":{"start":{"line":14,"column":4},"end":{"line":16,"column":null}},"8":{"start":{"line":15,"column":6},"end":{"line":15,"column":null}},"9":{"start":{"line":19,"column":2},"end":{"line":19,"column":null}},"10":{"start":{"line":23,"column":62},"end":{"line":23,"column":null}},"11":{"start":{"line":26,"column":28},"end":{"line":26,"column":null}},"12":{"start":{"line":27,"column":4},"end":{"line":29,"column":null}},"13":{"start":{"line":28,"column":6},"end":{"line":28,"column":null}},"14":{"start":{"line":34,"column":31},"end":{"line":34,"column":null}},"15":{"start":{"line":35,"column":4},"end":{"line":35,"column":null}},"16":{"start":{"line":38,"column":6},"end":{"line":39,"column":null}},"17":{"start":{"line":39,"column":28},"end":{"line":39,"column":48}},"18":{"start":{"line":40,"column":33},"end":{"line":42,"column":null}},"19":{"start":{"line":41,"column":22},"end":{"line":41,"column":null}},"20":{"start":{"line":44,"column":4},"end":{"line":46,"column":null}},"21":{"start":{"line":45,"column":6},"end":{"line":45,"column":null}},"22":{"start":{"line":48,"column":4},"end":{"line":50,"column":null}},"23":{"start":{"line":49,"column":6},"end":{"line":49,"column":null}},"24":{"start":{"line":52,"column":4},"end":{"line":52,"column":null}}},"fnMap":{"0":{"name":"drawWeightedMultiplier","decl":{"start":{"line":8,"column":9},"end":{"line":8,"column":42}},"loc":{"start":{"line":8,"column":42},"end":{"line":20,"column":null}},"line":8},"1":{"name":"choose","decl":{"start":{"line":25,"column":2},"end":{"line":25,"column":9}},"loc":{"start":{"line":25,"column":41},"end":{"line":53,"column":null}},"line":25},"2":{"name":"(anonymous_2)","decl":{"start":{"line":39,"column":6},"end":{"line":39,"column":14}},"loc":{"start":{"line":39,"column":28},"end":{"line":39,"column":48}},"line":39},"3":{"name":"(anonymous_3)","decl":{"start":{"line":40,"column":54},"end":{"line":40,"column":null}},"loc":{"start":{"line":41,"column":22},"end":{"line":41,"column":null}},"line":41},"4":{"name":"(anonymous_4)","decl":{"start":{"line":48,"column":21},"end":{"line":48,"column":30}},"loc":{"start":{"line":48,"column":57},"end":{"line":50,"column":5}},"line":48}},"branchMap":{"0":{"loc":{"start":{"line":14,"column":4},"end":{"line":16,"column":null}},"type":"if","locations":[{"start":{"line":14,"column":4},"end":{"line":16,"column":null}},{"start":{},"end":{}}],"line":14},"1":{"loc":{"start":{"line":27,"column":4},"end":{"line":29,"column":null}},"type":"if","locations":[{"start":{"line":27,"column":4},"end":{"line":29,"column":null}},{"start":{},"end":{}}],"line":27},"2":{"loc":{"start":{"line":44,"column":4},"end":{"line":46,"column":null}},"type":"if","locations":[{"start":{"line":44,"column":4},"end":{"line":46,"column":null}},{"start":{},"end":{}}],"line":44}},"s":{"0":1,"1":1,"2":7,"3":7,"4":7,"5":7,"6":14,"7":14,"8":7,"9":0,"10":7,"11":8,"12":8,"13":1,"14":7,"15":7,"16":7,"17":21,"18":7,"19":21,"20":7,"21":7,"22":7,"23":14,"24":7},"f":{"0":7,"1":8,"2":21,"3":21,"4":14},"b":{"0":[7,7],"1":[1,7],"2":[7,0]},"meta":{"lastBranch":3,"lastFunction":5,"lastStatement":25,"seen":{"s:5:29:5:Infinity":0,"s:6:27:6:Infinity":1,"f:8:9:8:42":0,"s:9:15:9:Infinity":2,"s:10:25:10:Infinity":3,"s:12:2:17:Infinity":4,"s:12:15:12:18":5,"s:13:4:13:Infinity":6,"b:14:4:16:Infinity:undefined:undefined:undefined:undefined":0,"s:14:4:16:Infinity":7,"s:15:6:15:Infinity":8,"s:19:2:19:Infinity":9,"s:23:62:23:Infinity":10,"f:25:2:25:9":1,"s:26:28:26:Infinity":11,"b:27:4:29:Infinity:undefined:undefined:undefined:undefined":1,"s:27:4:29:Infinity":12,"s:28:6:28:Infinity":13,"s:34:31:34:Infinity":14,"s:35:4:35:Infinity":15,"s:38:6:39:Infinity":16,"f:39:6:39:14":2,"s:39:28:39:48":17,"s:40:33:42:Infinity":18,"f:40:54:40:Infinity":3,"s:41:22:41:Infinity":19,"b:44:4:46:Infinity:undefined:undefined:undefined:undefined":2,"s:44:4:46:Infinity":20,"s:45:6:45:Infinity":21,"s:48:4:50:Infinity":22,"f:48:21:48:30":4,"s:49:6:49:Infinity":23,"s:52:4:52:Infinity":24},"fnNames":{}}}
,"C:\\Users\\sub.zero\\Desktop\\graveyard-shift\\src\\math\\GameMath.ts": {"path":"C:\\Users\\sub.zero\\Desktop\\graveyard-shift\\src\\math\\GameMath.ts","statementMap":{"0":{"start":{"line":13,"column":49},"end":{"line":25,"column":null}},"1":{"start":{"line":30,"column":28},"end":{"line":30,"column":null}},"2":{"start":{"line":31,"column":2},"end":{"line":39,"column":null}},"3":{"start":{"line":35,"column":6},"end":{"line":35,"column":null}},"4":{"start":{"line":36,"column":4},"end":{"line":38,"column":null}},"5":{"start":{"line":36,"column":17},"end":{"line":36,"column":20}},"6":{"start":{"line":37,"column":6},"end":{"line":37,"column":null}},"7":{"start":{"line":40,"column":2},"end":{"line":40,"column":null}},"8":{"start":{"line":42,"column":20},"end":{"line":44,"column":null}},"9":{"start":{"line":89,"column":2},"end":{"line":89,"column":null}},"10":{"start":{"line":89,"column":28},"end":{"line":89,"column":37}},"11":{"start":{"line":99,"column":4},"end":{"line":99,"column":null}},"12":{"start":{"line":100,"column":22},"end":{"line":100,"column":null}},"13":{"start":{"line":101,"column":16},"end":{"line":103,"column":null}},"14":{"start":{"line":104,"column":17},"end":{"line":104,"column":null}},"15":{"start":{"line":105,"column":2},"end":{"line":112,"column":null}},"16":{"start":{"line":113,"column":2},"end":{"line":113,"column":null}},"17":{"start":{"line":116,"column":25},"end":{"line":116,"column":null}},"18":{"start":{"line":117,"column":32},"end":{"line":117,"column":null}},"19":{"start":{"line":118,"column":2},"end":{"line":130,"column":null}},"20":{"start":{"line":118,"column":18},"end":{"line":118,"column":21}},"21":{"start":{"line":119,"column":31},"end":{"line":119,"column":null}},"22":{"start":{"line":120,"column":4},"end":{"line":128,"column":null}},"23":{"start":{"line":120,"column":19},"end":{"line":120,"column":22}},"24":{"start":{"line":121,"column":6},"end":{"line":127,"column":null}},"25":{"start":{"line":129,"column":4},"end":{"line":129,"column":null}},"26":{"start":{"line":131,"column":2},"end":{"line":134,"column":null}},"27":{"start":{"line":140,"column":2},"end":{"line":145,"column":null}},"28":{"start":{"line":142,"column":25},"end":{"line":145,"column":6}},"29":{"start":{"line":161,"column":15},"end":{"line":161,"column":null}},"30":{"start":{"line":162,"column":18},"end":{"line":164,"column":null}},"31":{"start":{"line":163,"column":23},"end":{"line":163,"column":null}},"32":{"start":{"line":165,"column":38},"end":{"line":165,"column":null}},"33":{"start":{"line":167,"column":23},"end":{"line":169,"column":null}},"34":{"start":{"line":168,"column":16},"end":{"line":168,"column":null}},"35":{"start":{"line":171,"column":2},"end":{"line":176,"column":null}},"36":{"start":{"line":175,"column":4},"end":{"line":175,"column":null}},"37":{"start":{"line":178,"column":34},"end":{"line":178,"column":null}},"38":{"start":{"line":180,"column":2},"end":{"line":217,"column":null}},"39":{"start":{"line":181,"column":16},"end":{"line":181,"column":null}},"40":{"start":{"line":182,"column":4},"end":{"line":192,"column":null}},"41":{"start":{"line":182,"column":20},"end":{"line":182,"column":23}},"42":{"start":{"line":183,"column":21},"end":{"line":183,"column":null}},"43":{"start":{"line":185,"column":8},"end":{"line":187,"column":null}},"44":{"start":{"line":188,"column":6},"end":{"line":190,"column":null}},"45":{"start":{"line":189,"column":8},"end":{"line":189,"column":null}},"46":{"start":{"line":191,"column":6},"end":{"line":191,"column":null}},"47":{"start":{"line":194,"column":4},"end":{"line":196,"column":null}},"48":{"start":{"line":195,"column":6},"end":{"line":195,"column":null}},"49":{"start":{"line":198,"column":24},"end":{"line":198,"column":null}},"50":{"start":{"line":200,"column":6},"end":{"line":200,"column":null}},"51":{"start":{"line":201,"column":33},"end":{"line":207,"column":null}},"52":{"start":{"line":209,"column":4},"end":{"line":216,"column":null}},"53":{"start":{"line":215,"column":6},"end":{"line":215,"column":null}},"54":{"start":{"line":219,"column":2},"end":{"line":242,"column":null}},"55":{"start":{"line":220,"column":31},"end":{"line":224,"column":null}},"56":{"start":{"line":222,"column":8},"end":{"line":223,"column":null}},"57":{"start":{"line":225,"column":27},"end":{"line":227,"column":null}},"58":{"start":{"line":226,"column":18},"end":{"line":226,"column":null}},"59":{"start":{"line":228,"column":4},"end":{"line":241,"column":null}},"60":{"start":{"line":244,"column":2},"end":{"line":261,"column":null}},"61":{"start":{"line":269,"column":28},"end":{"line":269,"column":null}},"62":{"start":{"line":270,"column":48},"end":{"line":270,"column":null}},"63":{"start":{"line":271,"column":2},"end":{"line":288,"column":null}},"64":{"start":{"line":274,"column":8},"end":{"line":278,"column":null}},"65":{"start":{"line":279,"column":6},"end":{"line":281,"column":null}},"66":{"start":{"line":282,"column":6},"end":{"line":286,"column":null}},"67":{"start":{"line":283,"column":8},"end":{"line":285,"column":null}},"68":{"start":{"line":289,"column":2},"end":{"line":292,"column":null}},"69":{"start":{"line":308,"column":8},"end":{"line":308,"column":null}},"70":{"start":{"line":310,"column":4},"end":{"line":317,"column":null}},"71":{"start":{"line":312,"column":8},"end":{"line":315,"column":null}},"72":{"start":{"line":314,"column":12},"end":{"line":314,"column":null}},"73":{"start":{"line":318,"column":33},"end":{"line":318,"column":null}},"74":{"start":{"line":319,"column":2},"end":{"line":331,"column":null}},"75":{"start":{"line":323,"column":6},"end":{"line":325,"column":null}},"76":{"start":{"line":326,"column":4},"end":{"line":326,"column":null}},"77":{"start":{"line":327,"column":4},"end":{"line":330,"column":null}},"78":{"start":{"line":332,"column":2},"end":{"line":335,"column":null}},"79":{"start":{"line":346,"column":2},"end":{"line":364,"column":null}},"80":{"start":{"line":348,"column":6},"end":{"line":353,"column":null}},"81":{"start":{"line":352,"column":10},"end":{"line":352,"column":null}},"82":{"start":{"line":354,"column":4},"end":{"line":363,"column":null}},"83":{"start":{"line":360,"column":14},"end":{"line":360,"column":null}},"84":{"start":{"line":384,"column":27},"end":{"line":384,"column":null}},"85":{"start":{"line":385,"column":32},"end":{"line":385,"column":null}},"86":{"start":{"line":386,"column":2},"end":{"line":417,"column":null}},"87":{"start":{"line":386,"column":18},"end":{"line":386,"column":21}},"88":{"start":{"line":388,"column":6},"end":{"line":391,"column":null}},"89":{"start":{"line":390,"column":10},"end":{"line":390,"column":null}},"90":{"start":{"line":392,"column":37},"end":{"line":392,"column":null}},"91":{"start":{"line":393,"column":4},"end":{"line":405,"column":null}},"92":{"start":{"line":394,"column":16},"end":{"line":394,"column":null}},"93":{"start":{"line":398,"column":6},"end":{"line":404,"column":null}},"94":{"start":{"line":407,"column":6},"end":{"line":412,"column":null}},"95":{"start":{"line":411,"column":10},"end":{"line":411,"column":null}},"96":{"start":{"line":413,"column":4},"end":{"line":416,"column":null}},"97":{"start":{"line":418,"column":2},"end":{"line":421,"column":null}},"98":{"start":{"line":426,"column":2},"end":{"line":430,"column":null}},"99":{"start":{"line":428,"column":6},"end":{"line":428,"column":null}},"100":{"start":{"line":443,"column":4},"end":{"line":443,"column":null}},"101":{"start":{"line":444,"column":2},"end":{"line":457,"column":null}},"102":{"start":{"line":484,"column":25},"end":{"line":498,"column":null}},"103":{"start":{"line":486,"column":6},"end":{"line":489,"column":null}},"104":{"start":{"line":486,"column":39},"end":{"line":489,"column":8}},"105":{"start":{"line":493,"column":8},"end":{"line":497,"column":null}},"106":{"start":{"line":495,"column":12},"end":{"line":496,"column":null}},"107":{"start":{"line":499,"column":18},"end":{"line":499,"column":null}},"108":{"start":{"line":500,"column":20},"end":{"line":500,"column":null}},"109":{"start":{"line":501,"column":17},"end":{"line":501,"column":null}},"110":{"start":{"line":502,"column":2},"end":{"line":508,"column":null}},"111":{"start":{"line":517,"column":4},"end":{"line":517,"column":null}},"112":{"start":{"line":518,"column":31},"end":{"line":518,"column":null}},"113":{"start":{"line":519,"column":42},"end":{"line":519,"column":null}},"114":{"start":{"line":520,"column":2},"end":{"line":592,"column":null}},"115":{"start":{"line":522,"column":6},"end":{"line":522,"column":null}},"116":{"start":{"line":523,"column":4},"end":{"line":527,"column":null}},"117":{"start":{"line":526,"column":6},"end":{"line":526,"column":null}},"118":{"start":{"line":529,"column":6},"end":{"line":531,"column":null}},"119":{"start":{"line":532,"column":4},"end":{"line":536,"column":null}},"120":{"start":{"line":538,"column":6},"end":{"line":559,"column":null}},"121":{"start":{"line":540,"column":10},"end":{"line":548,"column":null}},"122":{"start":{"line":541,"column":27},"end":{"line":547,"column":null}},"123":{"start":{"line":552,"column":12},"end":{"line":558,"column":null}},"124":{"start":{"line":554,"column":16},"end":{"line":557,"column":null}},"125":{"start":{"line":561,"column":6},"end":{"line":564,"column":null}},"126":{"start":{"line":566,"column":6},"end":{"line":568,"column":null}},"127":{"start":{"line":570,"column":6},"end":{"line":573,"column":null}},"128":{"start":{"line":574,"column":4},"end":{"line":574,"column":null}},"129":{"start":{"line":576,"column":6},"end":{"line":576,"column":null}},"130":{"start":{"line":577,"column":4},"end":{"line":591,"column":null}},"131":{"start":{"line":593,"column":2},"end":{"line":603,"column":null}},"132":{"start":{"line":599,"column":10},"end":{"line":599,"column":null}}},"fnMap":{"0":{"name":"buildReel","decl":{"start":{"line":29,"column":9},"end":{"line":29,"column":19}},"loc":{"start":{"line":29,"column":50},"end":{"line":41,"column":null}},"line":29},"1":{"name":"cloneGrid","decl":{"start":{"line":86,"column":9},"end":{"line":86,"column":null}},"loc":{"start":{"line":88,"column":12},"end":{"line":90,"column":null}},"line":88},"2":{"name":"(anonymous_2)","decl":{"start":{"line":89,"column":14},"end":{"line":89,"column":19}},"loc":{"start":{"line":89,"column":28},"end":{"line":89,"column":37}},"line":89},"3":{"name":"randomSymbol","decl":{"start":{"line":93,"column":9},"end":{"line":93,"column":null}},"loc":{"start":{"line":97,"column":12},"end":{"line":114,"column":null}},"line":97},"4":{"name":"generatePrimaryGrid","decl":{"start":{"line":115,"column":16},"end":{"line":115,"column":59}},"loc":{"start":{"line":115,"column":59},"end":{"line":135,"column":null}},"line":115},"5":{"name":"getWinningPositions","decl":{"start":{"line":136,"column":9},"end":{"line":136,"column":null}},"loc":{"start":{"line":139,"column":17},"end":{"line":146,"column":null}},"line":139},"6":{"name":"(anonymous_6)","decl":{"start":{"line":142,"column":5},"end":{"line":142,"column":10}},"loc":{"start":{"line":142,"column":25},"end":{"line":145,"column":6}},"line":142},"7":{"name":"evaluatePayline","decl":{"start":{"line":153,"column":9},"end":{"line":153,"column":null}},"loc":{"start":{"line":160,"column":2},"end":{"line":262,"column":null}},"line":160},"8":{"name":"(anonymous_8)","decl":{"start":{"line":162,"column":23},"end":{"line":162,"column":null}},"loc":{"start":{"line":163,"column":23},"end":{"line":163,"column":null}},"line":163},"9":{"name":"(anonymous_9)","decl":{"start":{"line":167,"column":31},"end":{"line":167,"column":null}},"loc":{"start":{"line":168,"column":16},"end":{"line":168,"column":null}},"line":168},"10":{"name":"(anonymous_10)","decl":{"start":{"line":220,"column":39},"end":{"line":220,"column":null}},"loc":{"start":{"line":222,"column":8},"end":{"line":223,"column":null}},"line":222},"11":{"name":"(anonymous_11)","decl":{"start":{"line":225,"column":35},"end":{"line":225,"column":null}},"loc":{"start":{"line":226,"column":18},"end":{"line":226,"column":null}},"line":226},"12":{"name":"evaluateWins","decl":{"start":{"line":263,"column":16},"end":{"line":263,"column":null}},"loc":{"start":{"line":268,"column":2},"end":{"line":293,"column":null}},"line":268},"13":{"name":"(anonymous_13)","decl":{"start":{"line":271,"column":11},"end":{"line":271,"column":null}},"loc":{"start":{"line":272,"column":24},"end":{"line":287,"column":null}},"line":272},"14":{"name":"removeWinningSymbols","decl":{"start":{"line":296,"column":9},"end":{"line":296,"column":null}},"loc":{"start":{"line":304,"column":2},"end":{"line":336,"column":null}},"line":304},"15":{"name":"(anonymous_15)","decl":{"start":{"line":311,"column":11},"end":{"line":311,"column":20}},"loc":{"start":{"line":312,"column":8},"end":{"line":315,"column":null}},"line":312},"16":{"name":"(anonymous_16)","decl":{"start":{"line":312,"column":22},"end":{"line":312,"column":null}},"loc":{"start":{"line":314,"column":12},"end":{"line":314,"column":null}},"line":314},"17":{"name":"collapseReels","decl":{"start":{"line":339,"column":9},"end":{"line":339,"column":null}},"loc":{"start":{"line":345,"column":2},"end":{"line":365,"column":null}},"line":345},"18":{"name":"(anonymous_18)","decl":{"start":{"line":346,"column":14},"end":{"line":346,"column":19}},"loc":{"start":{"line":346,"column":28},"end":{"line":364,"column":3}},"line":346},"19":{"name":"(anonymous_19)","decl":{"start":{"line":348,"column":11},"end":{"line":348,"column":null}},"loc":{"start":{"line":352,"column":10},"end":{"line":352,"column":null}},"line":352},"20":{"name":"(anonymous_20)","decl":{"start":{"line":359,"column":8},"end":{"line":359,"column":null}},"loc":{"start":{"line":360,"column":14},"end":{"line":360,"column":null}},"line":360},"21":{"name":"refillReels","decl":{"start":{"line":369,"column":9},"end":{"line":369,"column":null}},"loc":{"start":{"line":377,"column":2},"end":{"line":422,"column":null}},"line":377},"22":{"name":"(anonymous_22)","decl":{"start":{"line":388,"column":14},"end":{"line":388,"column":null}},"loc":{"start":{"line":390,"column":10},"end":{"line":390,"column":null}},"line":390},"23":{"name":"(anonymous_23)","decl":{"start":{"line":407,"column":17},"end":{"line":407,"column":null}},"loc":{"start":{"line":411,"column":10},"end":{"line":411,"column":null}},"line":411},"24":{"name":"calculateTotalPayoutMultiplier","decl":{"start":{"line":423,"column":9},"end":{"line":423,"column":null}},"loc":{"start":{"line":425,"column":10},"end":{"line":431,"column":null}},"line":425},"25":{"name":"(anonymous_25)","decl":{"start":{"line":426,"column":14},"end":{"line":426,"column":null}},"loc":{"start":{"line":428,"column":6},"end":{"line":428,"column":null}},"line":428},"26":{"name":"evaluatePrimaryGrid","decl":{"start":{"line":437,"column":16},"end":{"line":437,"column":null}},"loc":{"start":{"line":441,"column":2},"end":{"line":458,"column":null}},"line":441},"27":{"name":"resolveCascadeStep","decl":{"start":{"line":480,"column":16},"end":{"line":480,"column":null}},"loc":{"start":{"line":483,"column":21},"end":{"line":509,"column":null}},"line":483},"28":{"name":"(anonymous_28)","decl":{"start":{"line":485,"column":5},"end":{"line":485,"column":14}},"loc":{"start":{"line":486,"column":6},"end":{"line":489,"column":null}},"line":486},"29":{"name":"(anonymous_29)","decl":{"start":{"line":486,"column":20},"end":{"line":486,"column":25}},"loc":{"start":{"line":486,"column":39},"end":{"line":489,"column":8}},"line":486},"30":{"name":"(anonymous_30)","decl":{"start":{"line":491,"column":5},"end":{"line":491,"column":null}},"loc":{"start":{"line":493,"column":8},"end":{"line":497,"column":null}},"line":493},"31":{"name":"(anonymous_31)","decl":{"start":{"line":493,"column":16},"end":{"line":493,"column":null}},"loc":{"start":{"line":495,"column":12},"end":{"line":496,"column":null}},"line":495},"32":{"name":"resolveCascades","decl":{"start":{"line":513,"column":16},"end":{"line":513,"column":null}},"loc":{"start":{"line":515,"column":17},"end":{"line":604,"column":null}},"line":515},"33":{"name":"(anonymous_33)","decl":{"start":{"line":539,"column":9},"end":{"line":539,"column":18}},"loc":{"start":{"line":540,"column":10},"end":{"line":548,"column":null}},"line":540},"34":{"name":"(anonymous_34)","decl":{"start":{"line":540,"column":24},"end":{"line":540,"column":null}},"loc":{"start":{"line":541,"column":27},"end":{"line":547,"column":null}},"line":541},"35":{"name":"(anonymous_35)","decl":{"start":{"line":550,"column":9},"end":{"line":550,"column":null}},"loc":{"start":{"line":552,"column":12},"end":{"line":558,"column":null}},"line":552},"36":{"name":"(anonymous_36)","decl":{"start":{"line":552,"column":16},"end":{"line":552,"column":null}},"loc":{"start":{"line":554,"column":16},"end":{"line":557,"column":null}},"line":554},"37":{"name":"(anonymous_37)","decl":{"start":{"line":597,"column":12},"end":{"line":597,"column":null}},"loc":{"start":{"line":599,"column":10},"end":{"line":599,"column":null}},"line":599}},"branchMap":{"0":{"loc":{"start":{"line":171,"column":2},"end":{"line":176,"column":null}},"type":"if","locations":[{"start":{"line":171,"column":2},"end":{"line":176,"column":null}},{"start":{},"end":{}}],"line":171},"1":{"loc":{"start":{"line":172,"column":4},"end":{"line":173,"column":null}},"type":"binary-expr","locations":[{"start":{"line":172,"column":4},"end":{"line":172,"column":null}},{"start":{"line":173,"column":4},"end":{"line":173,"column":null}}],"line":172},"2":{"loc":{"start":{"line":185,"column":8},"end":{"line":187,"column":null}},"type":"cond-expr","locations":[{"start":{"line":186,"column":12},"end":{"line":186,"column":null}},{"start":{"line":187,"column":12},"end":{"line":187,"column":null}}],"line":185},"3":{"loc":{"start":{"line":187,"column":12},"end":{"line":187,"column":null}},"type":"binary-expr","locations":[{"start":{"line":187,"column":12},"end":{"line":187,"column":39}},{"start":{"line":187,"column":39},"end":{"line":187,"column":null}}],"line":187},"4":{"loc":{"start":{"line":188,"column":6},"end":{"line":190,"column":null}},"type":"if","locations":[{"start":{"line":188,"column":6},"end":{"line":190,"column":null}},{"start":{},"end":{}}],"line":188},"5":{"loc":{"start":{"line":194,"column":4},"end":{"line":196,"column":null}},"type":"if","locations":[{"start":{"line":194,"column":4},"end":{"line":196,"column":null}},{"start":{},"end":{}}],"line":194},"6":{"loc":{"start":{"line":209,"column":4},"end":{"line":216,"column":null}},"type":"if","locations":[{"start":{"line":209,"column":4},"end":{"line":216,"column":null}},{"start":{},"end":{}}],"line":209},"7":{"loc":{"start":{"line":210,"column":6},"end":{"line":213,"column":null}},"type":"binary-expr","locations":[{"start":{"line":210,"column":6},"end":{"line":210,"column":null}},{"start":{"line":211,"column":6},"end":{"line":211,"column":null}},{"start":{"line":212,"column":7},"end":{"line":212,"column":null}},{"start":{"line":213,"column":8},"end":{"line":213,"column":null}}],"line":210},"8":{"loc":{"start":{"line":219,"column":2},"end":{"line":242,"column":null}},"type":"if","locations":[{"start":{"line":219,"column":2},"end":{"line":242,"column":null}},{"start":{},"end":{}}],"line":219},"9":{"loc":{"start":{"line":222,"column":8},"end":{"line":223,"column":null}},"type":"binary-expr","locations":[{"start":{"line":222,"column":8},"end":{"line":222,"column":null}},{"start":{"line":223,"column":9},"end":{"line":223,"column":31}},{"start":{"line":223,"column":31},"end":{"line":223,"column":null}}],"line":222},"10":{"loc":{"start":{"line":225,"column":27},"end":{"line":227,"column":null}},"type":"binary-expr","locations":[{"start":{"line":225,"column":27},"end":{"line":227,"column":10}},{"start":{"line":227,"column":10},"end":{"line":227,"column":null}}],"line":225},"11":{"loc":{"start":{"line":227,"column":10},"end":{"line":227,"column":null}},"type":"cond-expr","locations":[{"start":{"line":227,"column":36},"end":{"line":227,"column":66}},{"start":{"line":227,"column":66},"end":{"line":227,"column":null}}],"line":227},"12":{"loc":{"start":{"line":255,"column":8},"end":{"line":257,"column":null}},"type":"cond-expr","locations":[{"start":{"line":256,"column":12},"end":{"line":256,"column":null}},{"start":{"line":257,"column":12},"end":{"line":257,"column":null}}],"line":255},"13":{"loc":{"start":{"line":282,"column":6},"end":{"line":286,"column":null}},"type":"if","locations":[{"start":{"line":282,"column":6},"end":{"line":286,"column":null}},{"start":{},"end":{}}],"line":282},"14":{"loc":{"start":{"line":495,"column":12},"end":{"line":496,"column":null}},"type":"binary-expr","locations":[{"start":{"line":495,"column":12},"end":{"line":495,"column":null}},{"start":{"line":496,"column":12},"end":{"line":496,"column":null}}],"line":495},"15":{"loc":{"start":{"line":523,"column":4},"end":{"line":527,"column":null}},"type":"if","locations":[{"start":{"line":523,"column":4},"end":{"line":527,"column":null}},{"start":{},"end":{}}],"line":523},"16":{"loc":{"start":{"line":554,"column":16},"end":{"line":557,"column":null}},"type":"binary-expr","locations":[{"start":{"line":554,"column":16},"end":{"line":555,"column":null}},{"start":{"line":556,"column":16},"end":{"line":557,"column":null}}],"line":554}},"s":{"0":1,"1":5,"2":5,"3":55,"4":55,"5":55,"6":320,"7":5,"8":1,"9":1,"10":5,"11":5,"12":5,"13":5,"14":5,"15":5,"16":5,"17":0,"18":0,"19":0,"20":0,"21":0,"22":0,"23":0,"24":0,"25":0,"26":0,"27":78,"28":365,"29":60,"30":60,"31":300,"32":60,"33":60,"34":95,"35":60,"36":55,"37":60,"38":60,"39":115,"40":115,"41":115,"42":252,"43":252,"44":252,"45":112,"46":140,"47":115,"48":97,"49":18,"50":18,"51":18,"52":18,"53":17,"54":60,"55":44,"56":44,"57":44,"58":207,"59":44,"60":16,"61":6,"62":6,"63":6,"64":60,"65":60,"66":60,"67":16,"68":6,"69":1,"70":1,"71":1,"72":5,"73":1,"74":1,"75":5,"76":5,"77":5,"78":1,"79":1,"80":5,"81":15,"82":5,"83":5,"84":1,"85":1,"86":1,"87":1,"88":5,"89":25,"90":5,"91":5,"92":5,"93":5,"94":5,"95":15,"96":5,"97":5,"98":0,"99":0,"100":0,"101":0,"102":1,"103":1,"104":5,"105":5,"106":15,"107":1,"108":1,"109":1,"110":1,"111":0,"112":0,"113":0,"114":0,"115":0,"116":0,"117":0,"118":0,"119":0,"120":0,"121":0,"122":0,"123":0,"124":0,"125":0,"126":0,"127":0,"128":0,"129":0,"130":0,"131":0,"132":0},"f":{"0":5,"1":1,"2":5,"3":5,"4":0,"5":78,"6":365,"7":60,"8":300,"9":95,"10":44,"11":207,"12":6,"13":60,"14":1,"15":1,"16":5,"17":1,"18":5,"19":15,"20":5,"21":1,"22":25,"23":15,"24":0,"25":0,"26":0,"27":1,"28":1,"29":5,"30":5,"31":15,"32":0,"33":0,"34":0,"35":0,"36":0,"37":0},"b":{"0":[55,5],"1":[60,59],"2":[95,157],"3":[157,91],"4":[112,140],"5":[97,18],"6":[17,1],"7":[18,2,1,0],"8":[44,16],"9":[44,0,0],"10":[44,40],"11":[40,0],"12":[13,3],"13":[16,44],"14":[15,5],"15":[0,0],"16":[0,0]},"meta":{"lastBranch":17,"lastFunction":38,"lastStatement":133,"seen":{"s:13:49:25:Infinity":0,"f:29:9:29:19":0,"s:30:28:30:Infinity":1,"s:31:2:39:Infinity":2,"s:35:6:35:Infinity":3,"s:36:4:38:Infinity":4,"s:36:17:36:20":5,"s:37:6:37:Infinity":6,"s:40:2:40:Infinity":7,"s:42:20:44:Infinity":8,"f:86:9:86:Infinity":1,"s:89:2:89:Infinity":9,"f:89:14:89:19":2,"s:89:28:89:37":10,"f:93:9:93:Infinity":3,"s:99:4:99:Infinity":11,"s:100:22:100:Infinity":12,"s:101:16:103:Infinity":13,"s:104:17:104:Infinity":14,"s:105:2:112:Infinity":15,"s:113:2:113:Infinity":16,"f:115:16:115:59":4,"s:116:25:116:Infinity":17,"s:117:32:117:Infinity":18,"s:118:2:130:Infinity":19,"s:118:18:118:21":20,"s:119:31:119:Infinity":21,"s:120:4:128:Infinity":22,"s:120:19:120:22":23,"s:121:6:127:Infinity":24,"s:129:4:129:Infinity":25,"s:131:2:134:Infinity":26,"f:136:9:136:Infinity":5,"s:140:2:145:Infinity":27,"f:142:5:142:10":6,"s:142:25:145:6":28,"f:153:9:153:Infinity":7,"s:161:15:161:Infinity":29,"s:162:18:164:Infinity":30,"f:162:23:162:Infinity":8,"s:163:23:163:Infinity":31,"s:165:38:165:Infinity":32,"s:167:23:169:Infinity":33,"f:167:31:167:Infinity":9,"s:168:16:168:Infinity":34,"b:171:2:176:Infinity:undefined:undefined:undefined:undefined":0,"s:171:2:176:Infinity":35,"b:172:4:172:Infinity:173:4:173:Infinity":1,"s:175:4:175:Infinity":36,"s:178:34:178:Infinity":37,"s:180:2:217:Infinity":38,"s:181:16:181:Infinity":39,"s:182:4:192:Infinity":40,"s:182:20:182:23":41,"s:183:21:183:Infinity":42,"s:185:8:187:Infinity":43,"b:186:12:186:Infinity:187:12:187:Infinity":2,"b:187:12:187:39:187:39:187:Infinity":3,"b:188:6:190:Infinity:undefined:undefined:undefined:undefined":4,"s:188:6:190:Infinity":44,"s:189:8:189:Infinity":45,"s:191:6:191:Infinity":46,"b:194:4:196:Infinity:undefined:undefined:undefined:undefined":5,"s:194:4:196:Infinity":47,"s:195:6:195:Infinity":48,"s:198:24:198:Infinity":49,"s:200:6:200:Infinity":50,"s:201:33:207:Infinity":51,"b:209:4:216:Infinity:undefined:undefined:undefined:undefined":6,"s:209:4:216:Infinity":52,"b:210:6:210:Infinity:211:6:211:Infinity:212:7:212:Infinity:213:8:213:Infinity":7,"s:215:6:215:Infinity":53,"b:219:2:242:Infinity:undefined:undefined:undefined:undefined":8,"s:219:2:242:Infinity":54,"s:220:31:224:Infinity":55,"f:220:39:220:Infinity":10,"s:222:8:223:Infinity":56,"b:222:8:222:Infinity:223:9:223:31:223:31:223:Infinity":9,"s:225:27:227:Infinity":57,"b:225:27:227:10:227:10:227:Infinity":10,"f:225:35:225:Infinity":11,"s:226:18:226:Infinity":58,"b:227:36:227:66:227:66:227:Infinity":11,"s:228:4:241:Infinity":59,"s:244:2:261:Infinity":60,"b:256:12:256:Infinity:257:12:257:Infinity":12,"f:263:16:263:Infinity":12,"s:269:28:269:Infinity":61,"s:270:48:270:Infinity":62,"s:271:2:288:Infinity":63,"f:271:11:271:Infinity":13,"s:274:8:278:Infinity":64,"s:279:6:281:Infinity":65,"b:282:6:286:Infinity:undefined:undefined:undefined:undefined":13,"s:282:6:286:Infinity":66,"s:283:8:285:Infinity":67,"s:289:2:292:Infinity":68,"f:296:9:296:Infinity":14,"s:308:8:308:Infinity":69,"s:310:4:317:Infinity":70,"f:311:11:311:20":15,"s:312:8:315:Infinity":71,"f:312:22:312:Infinity":16,"s:314:12:314:Infinity":72,"s:318:33:318:Infinity":73,"s:319:2:331:Infinity":74,"s:323:6:325:Infinity":75,"s:326:4:326:Infinity":76,"s:327:4:330:Infinity":77,"s:332:2:335:Infinity":78,"f:339:9:339:Infinity":17,"s:346:2:364:Infinity":79,"f:346:14:346:19":18,"s:348:6:353:Infinity":80,"f:348:11:348:Infinity":19,"s:352:10:352:Infinity":81,"s:354:4:363:Infinity":82,"f:359:8:359:Infinity":20,"s:360:14:360:Infinity":83,"f:369:9:369:Infinity":21,"s:384:27:384:Infinity":84,"s:385:32:385:Infinity":85,"s:386:2:417:Infinity":86,"s:386:18:386:21":87,"s:388:6:391:Infinity":88,"f:388:14:388:Infinity":22,"s:390:10:390:Infinity":89,"s:392:37:392:Infinity":90,"s:393:4:405:Infinity":91,"s:394:16:394:Infinity":92,"s:398:6:404:Infinity":93,"s:407:6:412:Infinity":94,"f:407:17:407:Infinity":23,"s:411:10:411:Infinity":95,"s:413:4:416:Infinity":96,"s:418:2:421:Infinity":97,"f:423:9:423:Infinity":24,"s:426:2:430:Infinity":98,"f:426:14:426:Infinity":25,"s:428:6:428:Infinity":99,"f:437:16:437:Infinity":26,"s:443:4:443:Infinity":100,"s:444:2:457:Infinity":101,"f:480:16:480:Infinity":27,"s:484:25:498:Infinity":102,"f:485:5:485:14":28,"s:486:6:489:Infinity":103,"f:486:20:486:25":29,"s:486:39:489:8":104,"f:491:5:491:Infinity":30,"s:493:8:497:Infinity":105,"f:493:16:493:Infinity":31,"s:495:12:496:Infinity":106,"b:495:12:495:Infinity:496:12:496:Infinity":14,"s:499:18:499:Infinity":107,"s:500:20:500:Infinity":108,"s:501:17:501:Infinity":109,"s:502:2:508:Infinity":110,"f:513:16:513:Infinity":32,"s:517:4:517:Infinity":111,"s:518:31:518:Infinity":112,"s:519:42:519:Infinity":113,"s:520:2:592:Infinity":114,"s:522:6:522:Infinity":115,"b:523:4:527:Infinity:undefined:undefined:undefined:undefined":15,"s:523:4:527:Infinity":116,"s:526:6:526:Infinity":117,"s:529:6:531:Infinity":118,"s:532:4:536:Infinity":119,"s:538:6:559:Infinity":120,"f:539:9:539:18":33,"s:540:10:548:Infinity":121,"f:540:24:540:Infinity":34,"s:541:27:547:Infinity":122,"f:550:9:550:Infinity":35,"s:552:12:558:Infinity":123,"f:552:16:552:Infinity":36,"s:554:16:557:Infinity":124,"b:554:16:555:Infinity:556:16:557:Infinity":16,"s:561:6:564:Infinity":125,"s:566:6:568:Infinity":126,"s:570:6:573:Infinity":127,"s:574:4:574:Infinity":128,"s:576:6:576:Infinity":129,"s:577:4:591:Infinity":130,"s:593:2:603:Infinity":131,"f:597:12:597:Infinity":37,"s:599:10:599:Infinity":132},"fnNames":{}}}
,"C:\\Users\\sub.zero\\Desktop\\graveyard-shift\\src\\math\\Paylines.ts": {"path":"C:\\Users\\sub.zero\\Desktop\\graveyard-shift\\src\\math\\Paylines.ts","statementMap":{"0":{"start":{"line":1,"column":36},"end":{"line":12,"column":null}}},"fnMap":{},"branchMap":{},"s":{"0":1},"f":{},"b":{},"meta":{"lastBranch":0,"lastFunction":0,"lastStatement":1,"seen":{"s:1:36:12:Infinity":0},"fnNames":{}}}
,"C:\\Users\\sub.zero\\Desktop\\graveyard-shift\\src\\math\\Paytable.ts": {"path":"C:\\Users\\sub.zero\\Desktop\\graveyard-shift\\src\\math\\Paytable.ts","statementMap":{"0":{"start":{"line":10,"column":58},"end":{"line":55,"column":null}}},"fnMap":{},"branchMap":{},"s":{"0":1},"f":{},"b":{},"meta":{"lastBranch":0,"lastFunction":0,"lastStatement":1,"seen":{"s:10:58:55:Infinity":0},"fnNames":{}}}
,"C:\\Users\\sub.zero\\Desktop\\graveyard-shift\\src\\math\\RNG.ts": {"path":"C:\\Users\\sub.zero\\Desktop\\graveyard-shift\\src\\math\\RNG.ts","statementMap":{"0":{"start":{"line":6,"column":4},"end":{"line":6,"column":null}},"1":{"start":{"line":9,"column":33},"end":{"line":9,"column":null}}},"fnMap":{"0":{"name":"next","decl":{"start":{"line":5,"column":2},"end":{"line":5,"column":17}},"loc":{"start":{"line":5,"column":17},"end":{"line":7,"column":null}},"line":5}},"branchMap":{},"s":{"0":0,"1":2},"f":{"0":0},"b":{},"meta":{"lastBranch":0,"lastFunction":1,"lastStatement":2,"seen":{"f:5:2:5:17":0,"s:6:4:6:Infinity":0,"s:9:33:9:Infinity":1},"fnNames":{}}}
}
